#
# A fatal error has been detected by the Java Runtime Environment:
#
#  SIGSEGV (0xb) at pc=0x00000001053f2c3f, pid=7925, tid=13315
#
# JRE version: OpenJDK Runtime Environment (7.0_181-b01) (build 1.7.0_181-b01)
# Java VM: OpenJDK 64-Bit Server VM (24.181-b01 mixed mode bsd-amd64 compressed oops)
# Problematic frame:
# V  [libjvm.dylib+0x1f2c3f]  ClassHierarchyWalker::is_witness(klassOopDesc*)+0x10f
#
# Failed to write core dump. Core dumps have been disabled. To enable core dumping, try "ulimit -c unlimited" before starting Java again
#
# If you would like to submit a bug report, please visit:
#   http://www.azulsystems.com/support/
#

---------------  T H R E A D  ---------------

Current thread (0x00007fcbbd807800):  JavaThread "C2 CompilerThread0" daemon [_thread_in_vm, id=13315, stack(0x000070000acaf000,0x000070000adaf000)]

siginfo:si_signo=SIGSEGV: si_errno=0, si_code=1 (SEGV_MAPERR), si_addr=0x0000000000000024

Registers:
RAX=0x0000000000000000, RBX=0x000070000adaa920, RCX=0x0000000000000003, RDX=0x00000007b24cd7a8
RSP=0x000070000adaa520, RBP=0x000070000adaa5a0, RSI=0x000000000000001f, RDI=0x00000007b24cd450
R8 =0x00000007b24cd948, R9 =0x0000000000000009, R10=0x00000000ffffffff, R11=0xfffffffffffffffc
R12=0x00000007b24c4948, R13=0x00000007b24c4958, R14=0x00000007b24c3b48, R15=0x0000000000000000
RIP=0x00000001053f2c3f, EFLAGS=0x0000000000010206, ERR=0x0000000000000004
  TRAPNO=0x000000000000000e

Top of Stack: (sp=0x000070000adaa520)
0x000070000adaa520:   0000000000000000 0000000000000000
0x000070000adaa530:   00000007b00cd538 0000000000000000
0x000070000adaa540:   000070000adaa6c0 000000010558165d
0x000070000adaa550:   00007fcb00000001 0000000000000000
0x000070000adaa560:   0000000000000000 010000010569cb3c
0x000070000adaa570:   00007fcbbc601020 00007fcb00000000
0x000070000adaa580:   00000007b24c4948 00000007b24c4958
0x000070000adaa590:   0000000000000000 000070000adaa920
0x000070000adaa5a0:   000070000adaa910 00000001053f154a
0x000070000adaa5b0:   000070000adaa938 000000000569dfc5
0x000070000adaa5c0:   00000007b24c4958 00007fcbbc601078
0x000070000adaa5d0:   000000010bc5c2c0 00004d5400000014
0x000070000adaa5e0:   0000000100000004 00007fcbbf8dd640
0x000070000adaa5f0:   000070000adaa690 0000000000000000
0x000070000adaa600:   00007fcbbc601030 0000000000000000
0x000070000adaa610:   0000000000000000 0000000000000000
0x000070000adaa620:   000070000adaa6f0 0000000105581283
0x000070000adaa630:   00007fcbbc601038 00007fcbbc601030
0x000070000adaa640:   00007fcbbc601040 00007fcbbc601048
0x000070000adaa650:   000070000adaa6f0 000000010571d71e
0x000070000adaa660:   000000010bc5c2c0 000000010bc5eb20
0x000070000adaa670:   00007fcbbc601038 000000010bc5eb20
0x000070000adaa680:   000070000adaa9f0 234b4e57ad060019
0x000070000adaa690:   00007fcbbc600bc0 000070000adaa840
0x000070000adaa6a0:   00007fcbbc601030 00007fcbbd807800
0x000070000adaa6b0:   00007fcbbc601030 00007fffb2910070
0x000070000adaa6c0:   000070000adaa810 00000001055816de
0x000070000adaa6d0:   00007fcbbc601048 00000000ffffffff
0x000070000adaa6e0:   000070000adaa700 00000001054c1f9f
0x000070000adaa6f0:   000070000adaa870 00007fcbbc601048
0x000070000adaa700:   000070000adaa710 00000001056a8ea5
0x000070000adaa710:   000070000adaa730 00000001053af22a 

Instructions: (pc=0x00000001053f2c3f)
0x00000001053f2c1f:   80 31 d2 4c 89 e6 e8 6e 00 00 00 48 85 c0 74 1c
0x00000001053f2c2f:   48 8b 53 08 48 8d 78 10 48 8b 33 e8 6b e2 0a 00
0x00000001053f2c3f:   8b 40 24 a8 08 75 09 f6 c4 04 75 04 31 c0 eb 0e
0x00000001053f2c4f:   48 63 43 30 4c 89 74 c3 38 b8 01 00 00 00 48 8b 

Register to memory mapping:

RAX=0x0000000000000000 is an unknown value
RBX=0x000070000adaa920 is pointing into the stack for thread: 0x00007fcbbd807800
RCX=0x0000000000000003 is an unknown value
RDX=0x00000007b24cd7a8 is pointing into object: 0x00000007b24cd7a0
[[I 
 - klass: 'java/lang/Object'[]
 - length: 9
RSP=0x000070000adaa520 is pointing into the stack for thread: 0x00007fcbbd807800
RBP=0x000070000adaa5a0 is pointing into the stack for thread: 0x00007fcbbd807800
RSI=0x000000000000001f is an unknown value
RDI=0x00000007b24cd450 is an oop
{constant pool} 
 - klass: {other class}
 - holder: 0x00000007b24ce090
 - cache: 0x0000000000000000
 -   1 :  : klass_index=13 name_and_type_index=56
 -   2 :  : klass_index=14 name_and_type_index=57
 -   3 :  : klass_index=13 name_and_type_index=58
 -   4 :  : klass_index=13 name_and_type_index=59
 -   5 :  : klass_index=60 name_and_type_index=61
 -   6 :  : klass_index=14 name_and_type_index=62
 -   7 :  : klass_index=60 name_and_type_index=63
 -   8 :  : klass_index=14 name_and_type_index=64
 -   9 :  : klass_index=13 name_and_type_index=64
 -  10 :  : klass_index=14 name_and_type_index=65
 -  11 :  : klass_index=14 name_and_type_index=66
 -  12 :  : klass_index=14 name_and_type_index=67
 -  13 :  : 'com/google/common/collect/ImmutableList$SubList'
 -  14 :  : 'com/google/common/collect/ImmutableList'
 -  15 :  : 'offset'
 -  16 :  : 'I'
 -  17 :  : 'length'
 -  18 :  : 'this$0'
 -  19 :  : 'Lcom/google/common/collect/ImmutableList;'
 -  20 :  : '<init>'
 -  21 :  : '(Lcom/google/common/collect/ImmutableList;II)V'
 -  22 :  : 'Code'
 -  23 :  : 'LineNumberTable'
 -  24 :  : 'LocalVariableTable'
 -  25 :  : 'this'
 -  26 :  : 'SubList'
 -  27 :  : 'InnerClasses'
 -  28 :  : 'Lcom/google/common/collect/ImmutableList$SubList;'
 -  29 :  : 'LocalVariableTypeTable'
 -  30 :  : 'Lcom/google/common/collect/ImmutableList<TE;>.SubList;'
 -  31 :  : 'size'
 -  32 :  : '()I'
 -  33 :  : 'get'
 -  34 :  : '(I)Ljava/lang/Object;'
 -  35 :  : 'index'
 -  36 :  : 'Signature'
 -  37 :  : '(I)TE;'
 -  38 :  : 'subList'
 -  39 :  : '(II)Lcom/google/common/collect/ImmutableList;'
 -  40 :  : 'fromIndex'
 -  41 :  : 'toIndex'
 -  42 :  : '(II)Lcom/google/common/collect/ImmutableList<TE;>;'
 -  43 :  : 'isPartialView'
 -  44 :  : '()Z'
 -  45 :  : '(II)Ljava/util/List;'
 -  46 :  : 'x0'
 -  47 :  : 'x1'
 -  48 :  : 'listIterator'
 -  49 :  : '(I)Ljava/util/ListIterator;'
 -  50 :  : '()Ljava/util/ListIterator;'
 -  51 :  : 'iterator'
 -  52 :  : '()Ljava/util/Iterator;'
 -  53 :  : 'Lcom/google/common/collect/ImmutableList<TE;>;'
 -  54 :  : 'SourceFile'
 -  55 :  : 'ImmutableList.java'
 -  56 :  : name_index=18 signature_index=19
 -  57 :  : name_index=20 signature_index=70
 -  58 :  : name_index=15 signature_index=16
 -  59 :  : name_index=17 signature_index=16
 -  60 :  : 'com/google/common/base/Preconditions'
 -  61 :  : name_index=72 signature_index=73
 -  62 :  : name_index=33 signature_index=34
 -  63 :  : name_index=74 signature_index=75
 -  64 :  : name_index=38 signature_index=39
 -  65 :  : name_index=48 signature_index=76
 -  66 :  : name_index=48 signature_index=77
 -  67 :  : name_index=51 signature_index=78
 -  68 :  : 'com/google/common/collect/ImmutableList$SubList'
 -  69 :  : 'com/google/common/collect/ImmutableList'
 -  70 :  : '()V'
 -  71 :  : 'com/google/common/base/Preconditions'
 -  72 :  : 'checkElementIndex'
 -  73 :  : '(II)I'
 -  74 :  : 'checkPositionIndexes'
 -  75 :  : '(III)V'
 -  76 :  : '(I)Lcom/google/common/collect/UnmodifiableListIterator;'
 -  77 :  : '()Lcom/google/common/collect/UnmodifiableListIterator;'
 -  78 :  : '()Lcom/google/common/collect/UnmodifiableIterator;'

R8 =0x00000007b24cd948 is an oop
{method} 
 - klass: {other class}
R9 =0x0000000000000009 is an unknown value
R10=0x00000000ffffffff is an unknown value
R11=0xfffffffffffffffc is an unknown value
R12=0x00000007b24c4948 is an oop
{instance class} 
 - klass: {other class}
R13=0x00000007b24c4958 is pointing into object: 0x00000007b24c4948
{instance class} 
 - klass: {other class}
R14=0x00000007b24c3b48 is an oop
{method} 
 - klass: {other class}
R15=0x0000000000000000 is an unknown value


Stack: [0x000070000acaf000,0x000070000adaf000],  sp=0x000070000adaa520,  free space=1005k
Native frames: (J=compiled Java code, j=interpreted, Vv=VM code, C=native code)
V  [libjvm.dylib+0x1f2c3f]  ClassHierarchyWalker::is_witness(klassOopDesc*)+0x10f
V  [libjvm.dylib+0x1f154a]  ClassHierarchyWalker::find_witness_anywhere(klassOopDesc*, bool, bool)+0x1dc
V  [libjvm.dylib+0x1f1821]  Dependencies::find_unique_concrete_method(klassOopDesc*, methodOopDesc*)+0x51
V  [libjvm.dylib+0x176bf4]  ciMethod::find_monomorphic_target(ciInstanceKlass*, ciInstanceKlass*, ciInstanceKlass*)+0x110
V  [libjvm.dylib+0xe94c9]  BCEscapeAnalyzer::invoke(BCEscapeAnalyzer::StateInfo&, Bytecodes::Code, ciMethod*, ciKlass*)+0x38d
V  [libjvm.dylib+0xe800d]  BCEscapeAnalyzer::iterate_one_block(ciBlock*, BCEscapeAnalyzer::StateInfo&, GrowableArray<ciBlock*>&)+0x8a3
V  [libjvm.dylib+0xe89bc]  BCEscapeAnalyzer::iterate_blocks(Arena*)+0x38c
V  [libjvm.dylib+0xe8b7d]  BCEscapeAnalyzer::do_analysis()+0x47
V  [libjvm.dylib+0xe8dc8]  BCEscapeAnalyzer::compute_escape_info()+0x23a
V  [libjvm.dylib+0xe90f4]  BCEscapeAnalyzer::BCEscapeAnalyzer(ciMethod*, BCEscapeAnalyzer*)+0x1b2
V  [libjvm.dylib+0x175893]  ciMethod::get_bcea()+0x57
V  [libjvm.dylib+0x2393fd]  ConnectionGraph::process_call_arguments(CallNode*)+0x20f
V  [libjvm.dylib+0x23b0c1]  ConnectionGraph::compute_escape()+0x481
V  [libjvm.dylib+0x23b3a3]  ConnectionGraph::do_analysis(Compile*, PhaseIterGVN*)+0xd9
V  [libjvm.dylib+0x1b5831]  Compile::Optimize()+0x199
V  [libjvm.dylib+0x1b67a9]  Compile::Compile(ciEnv*, C2Compiler*, ciMethod*, int, bool, bool)+0x9bd
V  [libjvm.dylib+0x15da7e]  C2Compiler::compile_method(ciEnv*, ciMethod*, int)+0x9a
V  [libjvm.dylib+0x1ba33c]  CompileBroker::invoke_compiler_on_method(CompileTask*)+0x3cc
V  [libjvm.dylib+0x1baa65]  CompileBroker::compiler_thread_loop()+0x253
V  [libjvm.dylib+0x4cc98e]  JavaThread::thread_main_inner()+0xc4
V  [libjvm.dylib+0x4ccb9e]  JavaThread::run()+0x152
V  [libjvm.dylib+0x400a88]  java_start(Thread*)+0x15b
C  [libsystem_pthread.dylib+0x32eb]  _pthread_body+0x7e
C  [libsystem_pthread.dylib+0x6249]  _pthread_start+0x42
C  [libsystem_pthread.dylib+0x240d]  thread_start+0xd


Current CompileTask:
C2: 113167 1262             org.gradle.api.internal.artifacts.ivyservice.resolveengine.excludes.ModuleExclusions::maybeMergeIntoUnion (207 bytes)


---------------  P R O C E S S  ---------------

Java Threads: ( => current thread )
  0x00007fcbbdeb2000 JavaThread "Cache worker for file content cache (/Users/bramseyer/Documents/aei/aei/.gradle/3.4.1/fileContent)" [_thread_blocked, id=23579, stack(0x000070000bd0a000,0x000070000be0a000)]
  0x00007fcbbdeb1800 JavaThread "Cache worker for task history cache (/Users/bramseyer/Documents/aei/aei/.gradle/3.4.1/taskHistory)" [_thread_blocked, id=41251, stack(0x000070000bc07000,0x000070000bd07000)]
  0x00007fcbbd3b1000 JavaThread "Stdin handler" [_thread_blocked, id=16247, stack(0x000070000b7d0000,0x000070000b8d0000)]
  0x00007fcbbf20c800 JavaThread "Asynchronous log dispatcher for DefaultDaemonConnection: socket connection from /0:0:0:0:0:0:0:1:53936 to /0:0:0:0:0:0:0:1:55130" [_thread_blocked, id=22375, stack(0x000070000b6cd000,0x000070000b7cd000)]
  0x00007fcbbcd13000 JavaThread "Cancel handler" [_thread_blocked, id=16487, stack(0x000070000b4c7000,0x000070000b5c7000)]
  0x00007fcbbc85c000 JavaThread "Handler for socket connection from /0:0:0:0:0:0:0:1:53936 to /0:0:0:0:0:0:0:1:55130" [_thread_in_native, id=15895, stack(0x000070000b3c4000,0x000070000b4c4000)]
  0x00007fcbbd7db000 JavaThread "Daemon worker Thread 2" [_thread_in_Java, id=22111, stack(0x000070000b5ca000,0x000070000b6ca000)]
  0x00007fcbbcbf2000 JavaThread "Daemon Thread 2" [_thread_blocked, id=14855, stack(0x000070000b2c1000,0x000070000b3c1000)]
  0x00007fcbbe149800 JavaThread "Memory manager" [_thread_blocked, id=23047, stack(0x000070000bb04000,0x000070000bc04000)]
  0x00007fcbbd46a000 JavaThread "process reaper" daemon [_thread_blocked, id=42499, stack(0x000070000bad9000,0x000070000bb01000)]
  0x00007fcbbd957800 JavaThread "File lock request listener" [_thread_in_native, id=43011, stack(0x000070000b9d6000,0x000070000bad6000)]
  0x00007fcbbcbfd800 JavaThread "Cache worker for file hash cache (/Users/bramseyer/.gradle/caches/3.4.1/fileHashes)" [_thread_blocked, id=22787, stack(0x000070000b8d3000,0x000070000b9d3000)]
  0x00007fcbbd39f000 JavaThread "Daemon periodic checks" [_thread_blocked, id=16899, stack(0x000070000b1be000,0x000070000b2be000)]
  0x00007fcbbcb12800 JavaThread "Incoming local TCP Connector on port 53936" [_thread_in_native, id=14083, stack(0x000070000b0bb000,0x000070000b1bb000)]
  0x00007fcbbd071000 JavaThread "Service Thread" daemon [_thread_blocked, id=13571, stack(0x000070000aeb5000,0x000070000afb5000)]
  0x00007fcbbd070000 JavaThread "C2 CompilerThread1" daemon [_thread_blocked, id=17923, stack(0x000070000adb2000,0x000070000aeb2000)]
=>0x00007fcbbd807800 JavaThread "C2 CompilerThread0" daemon [_thread_in_vm, id=13315, stack(0x000070000acaf000,0x000070000adaf000)]
  0x00007fcbbc804000 JavaThread "Signal Dispatcher" daemon [_thread_blocked, id=18691, stack(0x000070000abac000,0x000070000acac000)]
  0x00007fcbbc808800 JavaThread "Finalizer" daemon [_thread_blocked, id=20227, stack(0x000070000aaa9000,0x000070000aba9000)]
  0x00007fcbbc808000 JavaThread "Reference Handler" daemon [_thread_blocked, id=11779, stack(0x000070000a9a6000,0x000070000aaa6000)]
  0x00007fcbbd005800 JavaThread "main" [_thread_blocked, id=9987, stack(0x000070000a394000,0x000070000a494000)]

Other Threads:
  0x00007fcbbc805000 VMThread [stack: 0x000070000a8a3000,0x000070000a9a3000] [id=11523]
  0x00007fcbbd079800 WatcherThread [stack: 0x000070000afb8000,0x000070000b0b8000] [id=13827]

VM state:not at safepoint (normal execution)

VM Mutex/Monitor currently owned by a thread:  ([mutex/lock_event])
[0x00007fcbbc503fe0] Compile_lock - owner thread: 0x00007fcbbd807800

Heap
 PSYoungGen      total 275456K, used 25173K [0x00000007eaa80000, 0x00000007ff380000, 0x0000000800000000)
  eden space 253952K, 1% used [0x00000007eaa80000,0x00000007eae929d8,0x00000007fa280000)
  from space 21504K, 97% used [0x00000007fde80000,0x00000007ff302bd8,0x00000007ff380000)
  to   space 33280K, 0% used [0x00000007fb280000,0x00000007fb280000,0x00000007fd300000)
 ParOldGen       total 174592K, used 38739K [0x00000007c0000000, 0x00000007caa80000, 0x00000007eaa80000)
  object space 174592K, 22% used [0x00000007c0000000,0x00000007c25d4f18,0x00000007caa80000)
 PSPermGen       total 43008K, used 42952K [0x00000007b0000000, 0x00000007b2a00000, 0x00000007c0000000)
  object space 43008K, 99% used [0x00000007b0000000,0x00000007b29f22c8,0x00000007b2a00000)

Card table byte_map: [0x0000000108d40000,0x0000000108fc1000] byte_map_base: 0x0000000104fc0000

Polling page: 0x00000001049e1000

Code Cache  [0x0000000105c80000, 0x0000000106120000, 0x0000000108c80000)
 total_blobs=1738 nmethods=1129 adapters=562 free_code_cache=44499Kb largest_free_block=45503872

Compilation events (10 events):
Event: 113.100 Thread 0x00007fcbbd807800 nmethod 1259 0x000000010610e810 code [0x000000010610e940, 0x000000010610e9b8]
Event: 113.104 Thread 0x00007fcbbd070000 nmethod 1258 0x00000001060fd550 code [0x00000001060fd6e0, 0x00000001060fd9d8]
Event: 113.104 Thread 0x00007fcbbd807800 1260             org.codehaus.groovy.runtime.dgm$241::invoke (11 bytes)
Event: 113.104 Thread 0x00007fcbbd807800 nmethod 1260 0x00000001060fd190 code [0x00000001060fd2e0, 0x00000001060fd3e8]
Event: 113.110 Thread 0x00007fcbbd070000 1261             org.codehaus.groovy.runtime.typehandling.DefaultTypeTransformation::castToType (143 bytes)
Event: 113.145 Thread 0x00007fcbbd807800 1262             org.gradle.api.internal.artifacts.ivyservice.resolveengine.excludes.ModuleExclusions::maybeMergeIntoUnion (207 bytes)
Event: 113.148 Thread 0x00007fcbbd070000 nmethod 1261 0x000000010610bc10 code [0x000000010610be00, 0x000000010610c460]
Event: 113.149 Thread 0x00007fcbbd070000 1263             java.lang.ThreadLocal$ThreadLocalMap::set (136 bytes)
Event: 113.155 Thread 0x00007fcbbd070000 nmethod 1263 0x00000001060fc750 code [0x00000001060fc8e0, 0x00000001060fcd18]
Event: 113.155 Thread 0x00007fcbbd070000 1264             org.gradle.api.internal.artifacts.ivyservice.resolveengine.graph.DependencyGraphBuilder$ModuleVersionResolveState::getMetaData (16 bytes)

GC Heap History (10 events):
Event: 1.732 GC heap before
{Heap before GC invocations=2 (full 0):
 PSYoungGen      total 76800K, used 73227K [0x00000007eaa80000, 0x00000007f4080000, 0x0000000800000000)
  eden space 66048K, 100% used [0x00000007eaa80000,0x00000007eeb00000,0x00000007eeb00000)
  from space 10752K, 66% used [0x00000007eeb00000,0x00000007ef202ce0,0x00000007ef580000)
  to   space 10752K, 0% used [0x00000007f3600000,0x00000007f3600000,0x00000007f4080000)
 ParOldGen       total 174592K, used 8K [0x00000007c0000000, 0x00000007caa80000, 0x00000007eaa80000)
  object space 174592K, 0% used [0x00000007c0000000,0x00000007c0002000,0x00000007caa80000)
 PSPermGen       total 21504K, used 20115K [0x00000007b0000000, 0x00000007b1500000, 0x00000007c0000000)
  object space 21504K, 93% used [0x00000007b0000000,0x00000007b13a4ff0,0x00000007b1500000)
Event: 1.747 GC heap after
Heap after GC invocations=2 (full 0):
 PSYoungGen      total 142848K, used 10731K [0x00000007eaa80000, 0x00000007f4080000, 0x0000000800000000)
  eden space 132096K, 0% used [0x00000007eaa80000,0x00000007eaa80000,0x00000007f2b80000)
  from space 10752K, 99% used [0x00000007f3600000,0x00000007f407ac08,0x00000007f4080000)
  to   space 10752K, 0% used [0x00000007f2b80000,0x00000007f2b80000,0x00000007f3600000)
 ParOldGen       total 174592K, used 1584K [0x00000007c0000000, 0x00000007caa80000, 0x00000007eaa80000)
  object space 174592K, 0% used [0x00000007c0000000,0x00000007c018c3c8,0x00000007caa80000)
 PSPermGen       total 21504K, used 20115K [0x00000007b0000000, 0x00000007b1500000, 0x00000007c0000000)
  object space 21504K, 93% used [0x00000007b0000000,0x00000007b13a4ff0,0x00000007b1500000)
}
Event: 3.341 GC heap before
{Heap before GC invocations=3 (full 0):
 PSYoungGen      total 142848K, used 142827K [0x00000007eaa80000, 0x00000007f4080000, 0x0000000800000000)
  eden space 132096K, 100% used [0x00000007eaa80000,0x00000007f2b80000,0x00000007f2b80000)
  from space 10752K, 99% used [0x00000007f3600000,0x00000007f407ac08,0x00000007f4080000)
  to   space 10752K, 0% used [0x00000007f2b80000,0x00000007f2b80000,0x00000007f3600000)
 ParOldGen       total 174592K, used 1584K [0x00000007c0000000, 0x00000007caa80000, 0x00000007eaa80000)
  object space 174592K, 0% used [0x00000007c0000000,0x00000007c018c3c8,0x00000007caa80000)
 PSPermGen       total 29696K, used 29201K [0x00000007b0000000, 0x00000007b1d00000, 0x00000007c0000000)
  object space 29696K, 98% used [0x00000007b0000000,0x00000007b1c84438,0x00000007b1d00000)
Event: 3.372 GC heap after
Heap after GC invocations=3 (full 0):
 PSYoungGen      total 142848K, used 10724K [0x00000007eaa80000, 0x00000007fc180000, 0x0000000800000000)
  eden space 132096K, 0% used [0x00000007eaa80000,0x00000007eaa80000,0x00000007f2b80000)
  from space 10752K, 99% used [0x00000007f2b80000,0x00000007f35f9020,0x00000007f3600000)
  to   space 10752K, 0% used [0x00000007fb700000,0x00000007fb700000,0x00000007fc180000)
 ParOldGen       total 174592K, used 9118K [0x00000007c0000000, 0x00000007caa80000, 0x00000007eaa80000)
  object space 174592K, 5% used [0x00000007c0000000,0x00000007c08e78f0,0x00000007caa80000)
 PSPermGen       total 29696K, used 29201K [0x00000007b0000000, 0x00000007b1d00000, 0x00000007c0000000)
  object space 29696K, 98% used [0x00000007b0000000,0x00000007b1c84438,0x00000007b1d00000)
}
Event: 4.490 GC heap before
{Heap before GC invocations=4 (full 0):
 PSYoungGen      total 142848K, used 142820K [0x00000007eaa80000, 0x00000007fc180000, 0x0000000800000000)
  eden space 132096K, 100% used [0x00000007eaa80000,0x00000007f2b80000,0x00000007f2b80000)
  from space 10752K, 99% used [0x00000007f2b80000,0x00000007f35f9020,0x00000007f3600000)
  to   space 10752K, 0% used [0x00000007fb700000,0x00000007fb700000,0x00000007fc180000)
 ParOldGen       total 174592K, used 9118K [0x00000007c0000000, 0x00000007caa80000, 0x00000007eaa80000)
  object space 174592K, 5% used [0x00000007c0000000,0x00000007c08e78f0,0x00000007caa80000)
 PSPermGen       total 33792K, used 33676K [0x00000007b0000000, 0x00000007b2100000, 0x00000007c0000000)
  object space 33792K, 99% used [0x00000007b0000000,0x00000007b20e3340,0x00000007b2100000)
Event: 4.510 GC heap after
Heap after GC invocations=4 (full 0):
 PSYoungGen      total 274944K, used 10724K [0x00000007eaa80000, 0x00000007fc180000, 0x0000000800000000)
  eden space 264192K, 0% used [0x00000007eaa80000,0x00000007eaa80000,0x00000007fac80000)
  from space 10752K, 99% used [0x00000007fb700000,0x00000007fc1792c0,0x00000007fc180000)
  to   space 10752K, 0% used [0x00000007fac80000,0x00000007fac80000,0x00000007fb700000)
 ParOldGen       total 174592K, used 19619K [0x00000007c0000000, 0x00000007caa80000, 0x00000007eaa80000)
  object space 174592K, 11% used [0x00000007c0000000,0x00000007c1328f18,0x00000007caa80000)
 PSPermGen       total 33792K, used 33676K [0x00000007b0000000, 0x00000007b2100000, 0x00000007c0000000)
  object space 33792K, 99% used [0x00000007b0000000,0x00000007b20e3340,0x00000007b2100000)
}
Event: 34.841 GC heap before
{Heap before GC invocations=5 (full 0):
 PSYoungGen      total 274944K, used 274916K [0x00000007eaa80000, 0x00000007fc180000, 0x0000000800000000)
  eden space 264192K, 100% used [0x00000007eaa80000,0x00000007fac80000,0x00000007fac80000)
  from space 10752K, 99% used [0x00000007fb700000,0x00000007fc1792c0,0x00000007fc180000)
  to   space 10752K, 0% used [0x00000007fac80000,0x00000007fac80000,0x00000007fb700000)
 ParOldGen       total 174592K, used 19619K [0x00000007c0000000, 0x00000007caa80000, 0x00000007eaa80000)
  object space 174592K, 11% used [0x00000007c0000000,0x00000007c1328f18,0x00000007caa80000)
 PSPermGen       total 39424K, used 39186K [0x00000007b0000000, 0x00000007b2680000, 0x00000007c0000000)
  object space 39424K, 99% used [0x00000007b0000000,0x00000007b2644a70,0x00000007b2680000)
Event: 34.874 GC heap after
Heap after GC invocations=5 (full 0):
 PSYoungGen      total 274944K, used 10736K [0x00000007eaa80000, 0x0000000800000000, 0x0000000800000000)
  eden space 264192K, 0% used [0x00000007eaa80000,0x00000007eaa80000,0x00000007fac80000)
  from space 10752K, 99% used [0x00000007fac80000,0x00000007fb6fc010,0x00000007fb700000)
  to   space 34304K, 0% used [0x00000007fde80000,0x00000007fde80000,0x0000000800000000)
 ParOldGen       total 174592K, used 38731K [0x00000007c0000000, 0x00000007caa80000, 0x00000007eaa80000)
  object space 174592K, 22% used [0x00000007c0000000,0x00000007c25d2f18,0x00000007caa80000)
 PSPermGen       total 39424K, used 39186K [0x00000007b0000000, 0x00000007b2680000, 0x00000007c0000000)
  object space 39424K, 99% used [0x00000007b0000000,0x00000007b2644a70,0x00000007b2680000)
}
Event: 113.112 GC heap before
{Heap before GC invocations=6 (full 0):
 PSYoungGen      total 274944K, used 274928K [0x00000007eaa80000, 0x0000000800000000, 0x0000000800000000)
  eden space 264192K, 100% used [0x00000007eaa80000,0x00000007fac80000,0x00000007fac80000)
  from space 10752K, 99% used [0x00000007fac80000,0x00000007fb6fc010,0x00000007fb700000)
  to   space 34304K, 0% used [0x00000007fde80000,0x00000007fde80000,0x0000000800000000)
 ParOldGen       total 174592K, used 38731K [0x00000007c0000000, 0x00000007caa80000, 0x00000007eaa80000)
  object space 174592K, 22% used [0x00000007c0000000,0x00000007c25d2f18,0x00000007caa80000)
 PSPermGen       total 43008K, used 42950K [0x00000007b0000000, 0x00000007b2a00000, 0x00000007c0000000)
  object space 43008K, 99% used [0x00000007b0000000,0x00000007b29f1808,0x00000007b2a00000)
Event: 113.143 GC heap after
Heap after GC invocations=6 (full 0):
 PSYoungGen      total 275456K, used 21002K [0x00000007eaa80000, 0x00000007ff380000, 0x0000000800000000)
  eden space 253952K, 0% used [0x00000007eaa80000,0x00000007eaa80000,0x00000007fa280000)
  from space 21504K, 97% used [0x00000007fde80000,0x00000007ff302bd8,0x00000007ff380000)
  to   space 33280K, 0% used [0x00000007fb280000,0x00000007fb280000,0x00000007fd300000)
 ParOldGen       total 174592K, used 38739K [0x00000007c0000000, 0x00000007caa80000, 0x00000007eaa80000)
  object space 174592K, 22% used [0x00000007c0000000,0x00000007c25d4f18,0x00000007caa80000)
 PSPermGen       total 43008K, used 42950K [0x00000007b0000000, 0x00000007b2a00000, 0x00000007c0000000)
  object space 43008K, 99% used [0x00000007b0000000,0x00000007b29f1808,0x00000007b2a00000)
}

Deoptimization events (10 events):
Event: 97.934 Thread 0x00007fcbbd7db000 Uncommon trap: reason=class_check action=maybe_recompile pc=0x0000000106081244 method=org.codehaus.groovy.runtime.callsite.GetEffectivePojoPropertySite.getProperty(Ljava/lang/Object;)Ljava/lang/Object; @ 5
Event: 97.953 Thread 0x00007fcbbd7db000 Uncommon trap: reason=class_check action=maybe_recompile pc=0x0000000105f208d8 method=org.codehaus.groovy.runtime.metaclass.ClosureMetaClass.invokeMethod(Ljava/lang/Class;Ljava/lang/Object;Ljava/lang/String;[Ljava/lang/Object;ZZ)Ljava/lang/Object; @ 405
Event: 97.953 Thread 0x00007fcbbd7db000 Uncommon trap: reason=class_check action=maybe_recompile pc=0x0000000105f208d8 method=org.codehaus.groovy.runtime.metaclass.ClosureMetaClass.invokeMethod(Ljava/lang/Class;Ljava/lang/Object;Ljava/lang/String;[Ljava/lang/Object;ZZ)Ljava/lang/Object; @ 405
Event: 97.955 Thread 0x00007fcbbd7db000 Uncommon trap: reason=class_check action=maybe_recompile pc=0x0000000105f208d8 method=org.codehaus.groovy.runtime.metaclass.ClosureMetaClass.invokeMethod(Ljava/lang/Class;Ljava/lang/Object;Ljava/lang/String;[Ljava/lang/Object;ZZ)Ljava/lang/Object; @ 405
Event: 97.983 Thread 0x00007fcbbd7db000 Uncommon trap: reason=unstable_if action=reinterpret pc=0x0000000105fe1e24 method=org.gradle.api.internal.artifacts.ivyservice.resolveengine.graph.DependencyGraphBuilder$DependencyEdge.isTransitive()Z @ 19
Event: 108.461 Thread 0x00007fcbbd7db000 Uncommon trap: reason=class_check action=maybe_recompile pc=0x0000000105f208d8 method=org.codehaus.groovy.runtime.metaclass.ClosureMetaClass.invokeMethod(Ljava/lang/Class;Ljava/lang/Object;Ljava/lang/String;[Ljava/lang/Object;ZZ)Ljava/lang/Object; @ 405
Event: 108.808 Thread 0x00007fcbbd7db000 Uncommon trap: reason=null_check action=make_not_entrant pc=0x0000000105fb1ca8 method=org.codehaus.groovy.runtime.typehandling.DefaultTypeTransformation.castToType(Ljava/lang/Object;Ljava/lang/Class;)Ljava/lang/Object; @ 28
Event: 108.997 Thread 0x00007fcbbd7db000 Uncommon trap: reason=null_check action=make_not_entrant pc=0x00000001060c131c method=org.gradle.internal.metaobject.BeanDynamicObject$MetaClassAdapter.findGetPropertyMissingMethod(Lgroovy/lang/MetaClass;)Lgroovy/lang/MetaMethod; @ 14
Event: 110.621 Thread 0x00007fcbbd7db000 Uncommon trap: reason=unstable_if action=reinterpret pc=0x0000000105f523b4 method=java.lang.reflect.Proxy.isProxyClass(Ljava/lang/Class;)Z @ 7
Event: 112.878 Thread 0x00007fcbbd7db000 Uncommon trap: reason=null_check action=make_not_entrant pc=0x0000000105fe0f3c method=org.gradle.api.internal.collections.CollectionFilter.filter(Ljava/lang/Object;)Ljava/lang/Object; @ 5

Internal exceptions (10 events):
Event: 110.620 Thread 0x00007fcbbd7db000 Threw 0x00000007f7d4dcd0 at /Users/tester/jenkins/workspace/zulu7u-silver-build-macos/zulu-src/hotspot/src/share/vm/prims/jvm.cpp:1360
Event: 110.623 Thread 0x00007fcbbd7db000 Threw 0x00000007f7d83218 at /Users/tester/jenkins/workspace/zulu7u-silver-build-macos/zulu-src/hotspot/src/share/vm/prims/jvm.cpp:1360
Event: 110.623 Thread 0x00007fcbbd7db000 Threw 0x00000007f7d84160 at /Users/tester/jenkins/workspace/zulu7u-silver-build-macos/zulu-src/hotspot/src/share/vm/prims/jvm.cpp:1360
Event: 110.639 Thread 0x00007fcbbcbf2000 Threw 0x00000007efd246e0 at /Users/tester/jenkins/workspace/zulu7u-silver-build-macos/zulu-src/hotspot/src/share/vm/prims/jni.cpp:1660
Event: 110.640 Thread 0x00007fcbbcbf2000 Threw 0x00000007efd2dc18 at /Users/tester/jenkins/workspace/zulu7u-silver-build-macos/zulu-src/hotspot/src/share/vm/prims/jni.cpp:1660
Event: 110.641 Thread 0x00007fcbbcbf2000 Threw 0x00000007efd33f98 at /Users/tester/jenkins/workspace/zulu7u-silver-build-macos/zulu-src/hotspot/src/share/vm/prims/jni.cpp:1660
Event: 110.643 Thread 0x00007fcbbcbf2000 Threw 0x00000007efd47138 at /Users/tester/jenkins/workspace/zulu7u-silver-build-macos/zulu-src/hotspot/src/share/vm/prims/jni.cpp:1660
Event: 110.644 Thread 0x00007fcbbcbf2000 Threw 0x00000007efd553b0 at /Users/tester/jenkins/workspace/zulu7u-silver-build-macos/zulu-src/hotspot/src/share/vm/prims/jni.cpp:1660
Event: 112.878 Thread 0x00007fcbbd7db000 Implicit null exception at 0x0000000105fe0d82 to 0x0000000105fe0f29
Event: 112.878 Thread 0x00007fcbbd7db000 Threw 0x00000007f9354490 at /Users/tester/jenkins/workspace/zulu7u-silver-build-macos/zulu-src/hotspot/src/share/vm/prims/jvm.cpp:1360

Events (10 events):
Event: 113.149 Executing VM operation: RevokeBias
Event: 113.149 Executing VM operation: RevokeBias done
Event: 113.150 Executing VM operation: RevokeBias
Event: 113.150 Executing VM operation: RevokeBias done
Event: 113.150 Executing VM operation: RevokeBias
Event: 113.150 Executing VM operation: RevokeBias done
Event: 113.150 Executing VM operation: RevokeBias
Event: 113.150 Executing VM operation: RevokeBias done
Event: 113.150 Executing VM operation: BulkRevokeBias
Event: 113.150 Executing VM operation: BulkRevokeBias done


Dynamic libraries:
0x0000000027e7a000 	/System/Library/Frameworks/Cocoa.framework/Versions/A/Cocoa
0x0000000027e7a000 	/System/Library/Frameworks/Security.framework/Versions/A/Security
0x0000000027e7a000 	/System/Library/Frameworks/ApplicationServices.framework/Versions/A/ApplicationServices
0x0000000027e7a000 	/usr/lib/libz.1.dylib
0x0000000027e7a000 	/usr/lib/libSystem.B.dylib
0x0000000027e7a000 	/usr/lib/libobjc.A.dylib
0x0000000027e7a000 	/System/Library/Frameworks/CoreFoundation.framework/Versions/A/CoreFoundation
0x0000000027e7a000 	/System/Library/Frameworks/Foundation.framework/Versions/C/Foundation
0x0000000027e7a000 	/System/Library/Frameworks/AppKit.framework/Versions/C/AppKit
0x0000000027e7a000 	/System/Library/Frameworks/CoreData.framework/Versions/A/CoreData
0x0000000027e7a000 	/System/Library/PrivateFrameworks/RemoteViewServices.framework/Versions/A/RemoteViewServices
0x0000000027e7a000 	/System/Library/PrivateFrameworks/UIFoundation.framework/Versions/A/UIFoundation
0x0000000027e7a000 	/System/Library/PrivateFrameworks/XCTTargetBootstrap.framework/Versions/A/XCTTargetBootstrap
0x0000000027e7a000 	/System/Library/PrivateFrameworks/IconServices.framework/Versions/A/IconServices
0x0000000027e7a000 	/System/Library/Frameworks/Metal.framework/Versions/A/Metal
0x0000000027e7a000 	/System/Library/PrivateFrameworks/DesktopServicesPriv.framework/Versions/A/DesktopServicesPriv
0x0000000027e7a000 	/usr/lib/libenergytrace.dylib
0x0000000027e7a000 	/System/Library/PrivateFrameworks/SkyLight.framework/Versions/A/SkyLight
0x0000000027e7a000 	/System/Library/Frameworks/CoreGraphics.framework/Versions/A/CoreGraphics
0x0000000027e7a000 	/System/Library/Frameworks/Accelerate.framework/Versions/A/Accelerate
0x0000000027e7a000 	/System/Library/Frameworks/IOSurface.framework/Versions/A/IOSurface
0x0000000027e7a000 	/System/Library/PrivateFrameworks/DFRFoundation.framework/Versions/A/DFRFoundation
0x0000000027e7a000 	/System/Library/Frameworks/AudioToolbox.framework/Versions/A/AudioToolbox
0x0000000027e7a000 	/System/Library/Frameworks/AudioUnit.framework/Versions/A/AudioUnit
0x0000000027e7a000 	/System/Library/PrivateFrameworks/DataDetectorsCore.framework/Versions/A/DataDetectorsCore
0x0000000027e7a000 	/System/Library/Frameworks/Carbon.framework/Versions/A/Frameworks/HIToolbox.framework/Versions/A/HIToolbox
0x0000000027e7a000 	/usr/lib/libicucore.A.dylib
0x0000000027e7a000 	/System/Library/Frameworks/QuartzCore.framework/Versions/A/QuartzCore
0x0000000027e7a000 	/System/Library/Frameworks/Carbon.framework/Versions/A/Frameworks/SpeechRecognition.framework/Versions/A/SpeechRecognition
0x0000000027e7a000 	/usr/lib/libauto.dylib
0x0000000027e7a000 	/usr/lib/libxml2.2.dylib
0x0000000027e7a000 	/System/Library/PrivateFrameworks/CoreUI.framework/Versions/A/CoreUI
0x0000000027e7a000 	/System/Library/Frameworks/CoreAudio.framework/Versions/A/CoreAudio
0x0000000027e7a000 	/System/Library/Frameworks/DiskArbitration.framework/Versions/A/DiskArbitration
0x0000000027e7a000 	/usr/lib/liblangid.dylib
0x0000000027e7a000 	/System/Library/PrivateFrameworks/MultitouchSupport.framework/Versions/A/MultitouchSupport
0x0000000027e7a000 	/System/Library/Frameworks/IOKit.framework/Versions/A/IOKit
0x0000000027e7a000 	/usr/lib/libDiagnosticMessagesClient.dylib
0x0000000027e7a000 	/System/Library/Frameworks/CoreServices.framework/Versions/A/CoreServices
0x0000000027e7a000 	/System/Library/PrivateFrameworks/PerformanceAnalysis.framework/Versions/A/PerformanceAnalysis
0x0000000027e7a000 	/System/Library/Frameworks/OpenGL.framework/Versions/A/OpenGL
0x0000000027e7a000 	/System/Library/Frameworks/ColorSync.framework/Versions/A/ColorSync
0x0000000027e7a000 	/System/Library/Frameworks/CoreImage.framework/Versions/A/CoreImage
0x0000000027e7a000 	/System/Library/Frameworks/CoreText.framework/Versions/A/CoreText
0x0000000027e7a000 	/System/Library/Frameworks/ImageIO.framework/Versions/A/ImageIO
0x0000000027e7a000 	/System/Library/PrivateFrameworks/Backup.framework/Versions/A/Backup
0x0000000027e7a000 	/usr/lib/libarchive.2.dylib
0x0000000027e7a000 	/System/Library/Frameworks/CFNetwork.framework/Versions/A/CFNetwork
0x0000000027e7a000 	/System/Library/Frameworks/SystemConfiguration.framework/Versions/A/SystemConfiguration
0x0000000027e7a000 	/usr/lib/libCRFSuite.dylib
0x0000000027e7a000 	/usr/lib/libc++.1.dylib
0x0000000027e7a000 	/usr/lib/libc++abi.dylib
0x0000000027e7a000 	/usr/lib/system/libcache.dylib
0x0000000027e7a000 	/usr/lib/system/libcommonCrypto.dylib
0x0000000027e7a000 	/usr/lib/system/libcompiler_rt.dylib
0x0000000027e7a000 	/usr/lib/system/libcopyfile.dylib
0x0000000027e7a000 	/usr/lib/system/libcorecrypto.dylib
0x0000000027e7a000 	/usr/lib/system/libdispatch.dylib
0x0000000027e7a000 	/usr/lib/system/libdyld.dylib
0x0000000027e7a000 	/usr/lib/system/libkeymgr.dylib
0x0000000027e7a000 	/usr/lib/system/liblaunch.dylib
0x0000000027e7a000 	/usr/lib/system/libmacho.dylib
0x0000000027e7a000 	/usr/lib/system/libquarantine.dylib
0x0000000027e7a000 	/usr/lib/system/libremovefile.dylib
0x0000000027e7a000 	/usr/lib/system/libsystem_asl.dylib
0x0000000027e7a000 	/usr/lib/system/libsystem_blocks.dylib
0x0000000027e7a000 	/usr/lib/system/libsystem_c.dylib
0x0000000027e7a000 	/usr/lib/system/libsystem_configuration.dylib
0x0000000027e7a000 	/usr/lib/system/libsystem_coreservices.dylib
0x0000000027e7a000 	/usr/lib/system/libsystem_darwin.dylib
0x0000000027e7a000 	/usr/lib/system/libsystem_dnssd.dylib
0x0000000027e7a000 	/usr/lib/system/libsystem_info.dylib
0x0000000027e7a000 	/usr/lib/system/libsystem_m.dylib
0x0000000027e7a000 	/usr/lib/system/libsystem_malloc.dylib
0x0000000027e7a000 	/usr/lib/system/libsystem_networkextension.dylib
0x0000000027e7a000 	/usr/lib/system/libsystem_notify.dylib
0x0000000027e7a000 	/usr/lib/system/libsystem_sandbox.dylib
0x0000000027e7a000 	/usr/lib/system/libsystem_secinit.dylib
0x0000000027e7a000 	/usr/lib/system/libsystem_kernel.dylib
0x0000000027e7a000 	/usr/lib/system/libsystem_platform.dylib
0x0000000027e7a000 	/usr/lib/system/libsystem_pthread.dylib
0x0000000027e7a000 	/usr/lib/system/libsystem_symptoms.dylib
0x0000000027e7a000 	/usr/lib/system/libsystem_trace.dylib
0x0000000027e7a000 	/usr/lib/system/libunwind.dylib
0x0000000027e7a000 	/usr/lib/system/libxpc.dylib
0x0000000027e7a000 	/usr/lib/libbsm.0.dylib
0x0000000027e7a000 	/usr/lib/system/libkxld.dylib
0x0000000027e7a000 	/System/Library/PrivateFrameworks/AppleFSCompression.framework/Versions/A/AppleFSCompression
0x0000000027e7a000 	/usr/lib/libOpenScriptingUtil.dylib
0x0000000027e7a000 	/usr/lib/libcoretls.dylib
0x0000000027e7a000 	/usr/lib/libcoretls_cfhelpers.dylib
0x0000000027e7a000 	/usr/lib/libpam.2.dylib
0x0000000027e7a000 	/usr/lib/libsqlite3.dylib
0x0000000027e7a000 	/usr/lib/libxar.1.dylib
0x0000000027e7a000 	/usr/lib/libbz2.1.0.dylib
0x0000000027e7a000 	/usr/lib/liblzma.5.dylib
0x0000000027e7a000 	/usr/lib/libnetwork.dylib
0x0000000027e7a000 	/usr/lib/libapple_nghttp2.dylib
0x0000000027e7a000 	/usr/lib/libpcap.A.dylib
0x0000000027e7a000 	/System/Library/Frameworks/CoreServices.framework/Versions/A/Frameworks/FSEvents.framework/Versions/A/FSEvents
0x0000000027e7a000 	/System/Library/Frameworks/CoreServices.framework/Versions/A/Frameworks/CarbonCore.framework/Versions/A/CarbonCore
0x0000000027e7a000 	/System/Library/Frameworks/CoreServices.framework/Versions/A/Frameworks/Metadata.framework/Versions/A/Metadata
0x0000000027e7a000 	/System/Library/Frameworks/CoreServices.framework/Versions/A/Frameworks/OSServices.framework/Versions/A/OSServices
0x0000000027e7a000 	/System/Library/Frameworks/CoreServices.framework/Versions/A/Frameworks/SearchKit.framework/Versions/A/SearchKit
0x0000000027e7a000 	/System/Library/Frameworks/CoreServices.framework/Versions/A/Frameworks/AE.framework/Versions/A/AE
0x0000000027e7a000 	/System/Library/Frameworks/CoreServices.framework/Versions/A/Frameworks/LaunchServices.framework/Versions/A/LaunchServices
0x0000000027e7a000 	/System/Library/Frameworks/CoreServices.framework/Versions/A/Frameworks/DictionaryServices.framework/Versions/A/DictionaryServices
0x0000000027e7a000 	/System/Library/Frameworks/CoreServices.framework/Versions/A/Frameworks/SharedFileList.framework/Versions/A/SharedFileList
0x0000000027e7a000 	/System/Library/Frameworks/NetFS.framework/Versions/A/NetFS
0x0000000027e7a000 	/System/Library/PrivateFrameworks/NetAuth.framework/Versions/A/NetAuth
0x0000000027e7a000 	/System/Library/PrivateFrameworks/login.framework/Versions/A/Frameworks/loginsupport.framework/Versions/A/loginsupport
0x0000000027e7a000 	/System/Library/PrivateFrameworks/TCC.framework/Versions/A/TCC
0x0000000027e7a000 	/System/Library/PrivateFrameworks/CoreNLP.framework/Versions/A/CoreNLP
0x0000000027e7a000 	/System/Library/PrivateFrameworks/MetadataUtilities.framework/Versions/A/MetadataUtilities
0x0000000027e7a000 	/usr/lib/libmecabra.dylib
0x0000000027e7a000 	/System/Library/Frameworks/ApplicationServices.framework/Versions/A/Frameworks/ATS.framework/Versions/A/ATS
0x0000000027e7a000 	/System/Library/Frameworks/ApplicationServices.framework/Versions/A/Frameworks/ColorSyncLegacy.framework/Versions/A/ColorSyncLegacy
0x0000000027e7a000 	/System/Library/Frameworks/ApplicationServices.framework/Versions/A/Frameworks/HIServices.framework/Versions/A/HIServices
0x0000000027e7a000 	/System/Library/Frameworks/ApplicationServices.framework/Versions/A/Frameworks/LangAnalysis.framework/Versions/A/LangAnalysis
0x0000000027e7a000 	/System/Library/Frameworks/ApplicationServices.framework/Versions/A/Frameworks/PrintCore.framework/Versions/A/PrintCore
0x0000000027e7a000 	/System/Library/Frameworks/ApplicationServices.framework/Versions/A/Frameworks/QD.framework/Versions/A/QD
0x0000000027e7a000 	/System/Library/Frameworks/ApplicationServices.framework/Versions/A/Frameworks/SpeechSynthesis.framework/Versions/A/SpeechSynthesis
0x0000000027e7a000 	/usr/lib/libcompression.dylib
0x0000000027e7a000 	/System/Library/Frameworks/CoreDisplay.framework/Versions/A/CoreDisplay
0x0000000027e7a000 	/System/Library/Frameworks/MetalPerformanceShaders.framework/Versions/A/MetalPerformanceShaders
0x0000000027e7a000 	/System/Library/Frameworks/Accelerate.framework/Versions/A/Frameworks/vImage.framework/Versions/A/vImage
0x0000000027e7a000 	/System/Library/Frameworks/Accelerate.framework/Versions/A/Frameworks/vecLib.framework/Versions/A/vecLib
0x0000000027e7a000 	/System/Library/Frameworks/Accelerate.framework/Versions/A/Frameworks/vecLib.framework/Versions/A/libvMisc.dylib
0x0000000027e7a000 	/System/Library/Frameworks/Accelerate.framework/Versions/A/Frameworks/vecLib.framework/Versions/A/libvDSP.dylib
0x0000000027e7a000 	/System/Library/Frameworks/Accelerate.framework/Versions/A/Frameworks/vecLib.framework/Versions/A/libBLAS.dylib
0x0000000027e7a000 	/System/Library/Frameworks/Accelerate.framework/Versions/A/Frameworks/vecLib.framework/Versions/A/libLAPACK.dylib
0x0000000027e7a000 	/System/Library/Frameworks/Accelerate.framework/Versions/A/Frameworks/vecLib.framework/Versions/A/libLinearAlgebra.dylib
0x0000000027e7a000 	/System/Library/Frameworks/Accelerate.framework/Versions/A/Frameworks/vecLib.framework/Versions/A/libSparseBLAS.dylib
0x0000000027e7a000 	/System/Library/Frameworks/Accelerate.framework/Versions/A/Frameworks/vecLib.framework/Versions/A/libQuadrature.dylib
0x0000000027e7a000 	/System/Library/Frameworks/Accelerate.framework/Versions/A/Frameworks/vecLib.framework/Versions/A/libBNNS.dylib
0x0000000027e7a000 	/System/Library/Frameworks/Accelerate.framework/Versions/A/Frameworks/vecLib.framework/Versions/A/libSparse.dylib
0x0000000027e7a000 	/System/Library/PrivateFrameworks/GPUWrangler.framework/Versions/A/GPUWrangler
0x0000000027e7a000 	/System/Library/PrivateFrameworks/IOAccelerator.framework/Versions/A/IOAccelerator
0x0000000027e7a000 	/System/Library/PrivateFrameworks/IOPresentment.framework/Versions/A/IOPresentment
0x0000000027e7a000 	/System/Library/PrivateFrameworks/DSExternalDisplay.framework/Versions/A/DSExternalDisplay
0x0000000027e7a000 	/System/Library/Frameworks/OpenGL.framework/Versions/A/Libraries/libCoreFSCache.dylib
0x0000000027e7a000 	/System/Library/Frameworks/MetalPerformanceShaders.framework/Frameworks/MPSCore.framework/Versions/A/MPSCore
0x0000000027e7a000 	/System/Library/Frameworks/MetalPerformanceShaders.framework/Frameworks/MPSImage.framework/Versions/A/MPSImage
0x0000000027e7a000 	/System/Library/Frameworks/MetalPerformanceShaders.framework/Frameworks/MPSNeuralNetwork.framework/Versions/A/MPSNeuralNetwork
0x0000000027e7a000 	/System/Library/Frameworks/MetalPerformanceShaders.framework/Frameworks/MPSMatrix.framework/Versions/A/MPSMatrix
0x0000000027e7a000 	/System/Library/Frameworks/MetalPerformanceShaders.framework/Frameworks/MPSRayIntersector.framework/Versions/A/MPSRayIntersector
0x0000000027e7a000 	/System/Library/PrivateFrameworks/MetalTools.framework/Versions/A/MetalTools
0x0000000027e7a000 	/System/Library/PrivateFrameworks/AggregateDictionary.framework/Versions/A/AggregateDictionary
0x0000000027e7a000 	/usr/lib/libMobileGestalt.dylib
0x0000000027e7a000 	/System/Library/Frameworks/CoreVideo.framework/Versions/A/CoreVideo
0x0000000027e7a000 	/System/Library/PrivateFrameworks/GraphVisualizer.framework/Versions/A/GraphVisualizer
0x0000000027e7a000 	/System/Library/PrivateFrameworks/FaceCore.framework/Versions/A/FaceCore
0x0000000027e7a000 	/System/Library/Frameworks/OpenCL.framework/Versions/A/OpenCL
0x0000000027e7a000 	/usr/lib/libFosl_dynamic.dylib
0x0000000027e7a000 	/System/Library/PrivateFrameworks/OTSVG.framework/Versions/A/OTSVG
0x0000000027e7a000 	/System/Library/Frameworks/ApplicationServices.framework/Versions/A/Frameworks/ATS.framework/Versions/A/Resources/libFontParser.dylib
0x0000000027e7a000 	/System/Library/Frameworks/ApplicationServices.framework/Versions/A/Frameworks/ATS.framework/Versions/A/Resources/libFontRegistry.dylib
0x0000000027e7a000 	/System/Library/Frameworks/ImageIO.framework/Versions/A/Resources/libJPEG.dylib
0x0000000027e7a000 	/System/Library/Frameworks/ImageIO.framework/Versions/A/Resources/libTIFF.dylib
0x0000000027e7a000 	/System/Library/Frameworks/ImageIO.framework/Versions/A/Resources/libPng.dylib
0x0000000027e7a000 	/System/Library/Frameworks/ImageIO.framework/Versions/A/Resources/libGIF.dylib
0x0000000027e7a000 	/System/Library/Frameworks/ImageIO.framework/Versions/A/Resources/libJP2.dylib
0x0000000027e7a000 	/System/Library/Frameworks/ImageIO.framework/Versions/A/Resources/libRadiance.dylib
0x0000000027e7a000 	/System/Library/PrivateFrameworks/AppleJPEG.framework/Versions/A/AppleJPEG
0x0000000027e7a000 	/System/Library/Frameworks/OpenGL.framework/Versions/A/Libraries/libGFXShared.dylib
0x0000000027e7a000 	/System/Library/Frameworks/OpenGL.framework/Versions/A/Libraries/libGLU.dylib
0x0000000027e7a000 	/System/Library/Frameworks/OpenGL.framework/Versions/A/Libraries/libGL.dylib
0x0000000027e7a000 	/System/Library/Frameworks/OpenGL.framework/Versions/A/Libraries/libGLImage.dylib
0x0000000027e7a000 	/System/Library/Frameworks/OpenGL.framework/Versions/A/Libraries/libCVMSPluginSupport.dylib
0x0000000027e7a000 	/System/Library/Frameworks/OpenGL.framework/Versions/A/Libraries/libCoreVMClient.dylib
0x0000000027e7a000 	/usr/lib/libcups.2.dylib
0x0000000027e7a000 	/System/Library/Frameworks/Kerberos.framework/Versions/A/Kerberos
0x0000000027e7a000 	/System/Library/Frameworks/GSS.framework/Versions/A/GSS
0x0000000027e7a000 	/usr/lib/libresolv.9.dylib
0x0000000027e7a000 	/usr/lib/libiconv.2.dylib
0x0000000027e7a000 	/System/Library/PrivateFrameworks/Heimdal.framework/Versions/A/Heimdal
0x0000000027e7a000 	/usr/lib/libheimdal-asn1.dylib
0x0000000027e7a000 	/System/Library/Frameworks/OpenDirectory.framework/Versions/A/OpenDirectory
0x0000000027e7a000 	/System/Library/PrivateFrameworks/CommonAuth.framework/Versions/A/CommonAuth
0x0000000027e7a000 	/System/Library/Frameworks/OpenDirectory.framework/Versions/A/Frameworks/CFOpenDirectory.framework/Versions/A/CFOpenDirectory
0x0000000027e7a000 	/System/Library/Frameworks/SecurityFoundation.framework/Versions/A/SecurityFoundation
0x0000000027e7a000 	/System/Library/PrivateFrameworks/APFS.framework/Versions/A/APFS
0x0000000027e7a000 	/usr/lib/libutil.dylib
0x0000000027e7a000 	/usr/lib/libcharset.1.dylib
0x0000000027e7a000 	/System/Library/PrivateFrameworks/AppleSauce.framework/Versions/A/AppleSauce
0x0000000027e7a000 	/System/Library/PrivateFrameworks/AssertionServices.framework/Versions/A/AssertionServices
0x0000000027e7a000 	/System/Library/PrivateFrameworks/BaseBoard.framework/Versions/A/BaseBoard
0x0000000027e7a000 	/usr/lib/libmecab.1.0.0.dylib
0x0000000027e7a000 	/usr/lib/libgermantok.dylib
0x0000000027e7a000 	/usr/lib/libThaiTokenizer.dylib
0x0000000027e7a000 	/usr/lib/libChineseTokenizer.dylib
0x0000000027e7a000 	/System/Library/PrivateFrameworks/LanguageModeling.framework/Versions/A/LanguageModeling
0x0000000027e7a000 	/System/Library/PrivateFrameworks/CoreEmoji.framework/Versions/A/CoreEmoji
0x0000000027e7a000 	/System/Library/PrivateFrameworks/Lexicon.framework/Versions/A/Lexicon
0x0000000027e7a000 	/System/Library/PrivateFrameworks/LinguisticData.framework/Versions/A/LinguisticData
0x0000000027e7a000 	/usr/lib/libcmph.dylib
0x0000000027e7a000 	/System/Library/Frameworks/ServiceManagement.framework/Versions/A/ServiceManagement
0x0000000027e7a000 	/System/Library/PrivateFrameworks/BackgroundTaskManagement.framework/Versions/A/BackgroundTaskManagement
0x0000000027e7a000 	/usr/lib/libxslt.1.dylib
0x0000000027e7a000 	/System/Library/Frameworks/Carbon.framework/Versions/A/Frameworks/Ink.framework/Versions/A/Ink
0x0000000027e7a000 	/System/Library/PrivateFrameworks/TextureIO.framework/Versions/A/TextureIO
0x0000000027e7a000 	/usr/lib/libate.dylib
0x0000000027e7a000 	/System/Library/PrivateFrameworks/CrashReporterSupport.framework/Versions/A/CrashReporterSupport
0x0000000027e7a000 	/System/Library/PrivateFrameworks/Sharing.framework/Versions/A/Sharing
0x0000000027e7a000 	/System/Library/PrivateFrameworks/AuthKit.framework/Versions/A/AuthKit
0x0000000027e7a000 	/System/Library/PrivateFrameworks/Apple80211.framework/Versions/A/Apple80211
0x0000000027e7a000 	/System/Library/PrivateFrameworks/CoreUtils.framework/Versions/A/CoreUtils
0x0000000027e7a000 	/System/Library/Frameworks/CoreWLAN.framework/Versions/A/CoreWLAN
0x0000000027e7a000 	/System/Library/Frameworks/IOBluetooth.framework/Versions/A/IOBluetooth
0x0000000027e7a000 	/System/Library/PrivateFrameworks/ProtocolBuffer.framework/Versions/A/ProtocolBuffer
0x0000000027e7a000 	/System/Library/PrivateFrameworks/MobileKeyBag.framework/Versions/A/MobileKeyBag
0x0000000027e7a000 	/System/Library/PrivateFrameworks/CorePhoneNumbers.framework/Versions/A/CorePhoneNumbers
0x0000000027e7a000 	/System/Library/PrivateFrameworks/AppleIDAuthSupport.framework/Versions/A/AppleIDAuthSupport
0x0000000027e7a000 	/System/Library/PrivateFrameworks/KeychainCircle.framework/Versions/A/KeychainCircle
0x0000000027e7a000 	/System/Library/PrivateFrameworks/ROCKit.framework/Versions/A/ROCKit
0x0000000027e7a000 	/System/Library/PrivateFrameworks/CoreWiFi.framework/Versions/A/CoreWiFi
0x0000000027e7a000 	/System/Library/Frameworks/CoreBluetooth.framework/Versions/A/CoreBluetooth
0x0000000027e7a000 	/System/Library/PrivateFrameworks/DebugSymbols.framework/Versions/A/DebugSymbols
0x0000000027e7a000 	/System/Library/PrivateFrameworks/CoreSymbolication.framework/Versions/A/CoreSymbolication
0x0000000027e7a000 	/System/Library/PrivateFrameworks/Symbolication.framework/Versions/A/Symbolication
0x0000000027e7a000 	/System/Library/PrivateFrameworks/SpeechRecognitionCore.framework/Versions/A/SpeechRecognitionCore
0x0000000105200000 	/Users/bramseyer/.sdkman/candidates/java/7.0.181-zulu/jre/lib/server/libjvm.dylib
0x0000000027e7a000 	/usr/lib/libstdc++.6.dylib
0x00000001049d4000 	/Users/bramseyer/.sdkman/candidates/java/7.0.181-zulu/jre/lib/libverify.dylib
0x0000000105c0f000 	/Users/bramseyer/.sdkman/candidates/java/7.0.181-zulu/jre/lib/libjava.dylib
0x00000001049eb000 	/Users/bramseyer/.sdkman/candidates/java/7.0.181-zulu/jre/lib/libzip.dylib
0x0000000027e7a000 	/System/Library/Frameworks/JavaVM.framework/Versions/A/Frameworks/JavaRuntimeSupport.framework/Versions/A/JavaRuntimeSupport
0x0000000027e7a000 	/System/Library/Frameworks/JavaVM.framework/Versions/A/Frameworks/JavaNativeFoundation.framework/Versions/A/JavaNativeFoundation
0x0000000027e7a000 	/System/Library/Frameworks/JavaVM.framework/Versions/A/JavaVM
0x0000000027e7a000 	/System/Library/Frameworks/Carbon.framework/Versions/A/Carbon
0x0000000027e7a000 	/System/Library/PrivateFrameworks/JavaLaunching.framework/Versions/A/JavaLaunching
0x0000000027e7a000 	/System/Library/Frameworks/Carbon.framework/Versions/A/Frameworks/CommonPanels.framework/Versions/A/CommonPanels
0x0000000027e7a000 	/System/Library/Frameworks/Carbon.framework/Versions/A/Frameworks/Help.framework/Versions/A/Help
0x0000000027e7a000 	/System/Library/Frameworks/Carbon.framework/Versions/A/Frameworks/ImageCapture.framework/Versions/A/ImageCapture
0x0000000027e7a000 	/System/Library/Frameworks/Carbon.framework/Versions/A/Frameworks/OpenScripting.framework/Versions/A/OpenScripting
0x0000000027e7a000 	/System/Library/Frameworks/Carbon.framework/Versions/A/Frameworks/Print.framework/Versions/A/Print
0x0000000027e7a000 	/System/Library/Frameworks/Carbon.framework/Versions/A/Frameworks/SecurityHI.framework/Versions/A/SecurityHI
0x000000010e9a6000 	/Users/bramseyer/.sdkman/candidates/java/7.0.181-zulu/jre/lib/libnio.dylib
0x000000010e9b5000 	/Users/bramseyer/.sdkman/candidates/java/7.0.181-zulu/jre/lib/./libnet.dylib
0x000000010ec30000 	/Users/bramseyer/.gradle/native/24/osx-amd64/libnative-platform.dylib
0x000000010ec11000 	/Users/bramseyer/.sdkman/candidates/java/7.0.181-zulu/jre/lib/libmanagement.dylib

VM Arguments:
jvm_args: -XX:MaxPermSize=256m -XX:+HeapDumpOnOutOfMemoryError -Xmx1024m -Dfile.encoding=US-ASCII -Duser.country=ES -Duser.language=es -Duser.variant 
java_command: org.gradle.launcher.daemon.bootstrap.GradleDaemon 3.4.1
Launcher Type: SUN_STANDARD

Environment Variables:
JAVA_HOME=/Users/bramseyer/.sdkman/candidates/java/current
PATH=/usr/local/opt/gettext/bin:/Users/bramseyer/.nvm/versions/node/v8.9.1/bin:/usr/local/bin:/usr/bin:/bin:/usr/sbin:/sbin:/usr/local/opt/gettext/bin:/Users/bramseyer/.nvm/versions/node/v8.9.1/bin:/Users/bramseyer/.sdkman/candidates/java/current/bin:/Users/bramseyer/.sdkman/candidates/grails/3.2.8/bin:/Users/bramseyer/go/bin:/usr/local/Cellar/go/1.11.5/libexec/bin:/Users/bramseyer/go/bin:/usr/local/Cellar/go/1.11.5/libexec/bin
SHELL=/bin/bash

Signal Handlers:
SIGSEGV: [libjvm.dylib+0x4fc1c5], sa_mask[0]=0xfffefeff, sa_flags=0x00000043
SIGBUS: [libjvm.dylib+0x4fc1c5], sa_mask[0]=0xfffefeff, sa_flags=0x00000042
SIGFPE: [libjvm.dylib+0x3fd9ed], sa_mask[0]=0xfffefeff, sa_flags=0x00000042
SIGPIPE: [libjvm.dylib+0x3fd9ed], sa_mask[0]=0xfffefeff, sa_flags=0x00000042
SIGXFSZ: [libjvm.dylib+0x3fd9ed], sa_mask[0]=0xfffefeff, sa_flags=0x00000042
SIGILL: [libjvm.dylib+0x3fd9ed], sa_mask[0]=0xfffefeff, sa_flags=0x00000042
SIGUSR1: SIG_DFL, sa_mask[0]=0x63807efb, sa_flags=0x00000000
SIGUSR2: [libjvm.dylib+0x400585], sa_mask[0]=0x00000004, sa_flags=0x00000042
SIGHUP: [libjvm.dylib+0x40073f], sa_mask[0]=0xfffefeff, sa_flags=0x00000042
SIGINT: [libjvm.dylib+0x40073f], sa_mask[0]=0xfffefeff, sa_flags=0x00000042
SIGTERM: [libjvm.dylib+0x40073f], sa_mask[0]=0xfffefeff, sa_flags=0x00000042
SIGQUIT: [libjvm.dylib+0x40073f], sa_mask[0]=0xfffefeff, sa_flags=0x00000042


---------------  S Y S T E M  ---------------

OS:Bsduname:Darwin 18.5.0 Darwin Kernel Version 18.5.0: Mon Mar 11 20:40:32 PDT 2019; root:xnu-4903.251.3~3/RELEASE_X86_64 x86_64
rlimit: STACK 8192k, CORE 0k, NPROC 1418, NOFILE 10240, AS infinity
load average:3.36 3.32 3.16

CPU:total 4 (initial active 4) (2 cores per cpu, 2 threads per core) family 6 model 142 stepping 9, cmov, cx8, fxsr, mmx, sse, sse2, sse3, ssse3, sse4.1, sse4.2, popcnt, avx, avx2, aes, erms, ht, tsc, tscinvbit

Memory: 4k page, physical 16777216k(4194304k free)

/proc/meminfo:


vm_info: OpenJDK 64-Bit Server VM (24.181-b01) for bsd-amd64 JRE (1.7.0_181-b01), built on Apr  4 2018 12:43:56 by "zulu_re" with gcc 4.2.1 (Apple Inc. build 5666) (dot 3)

time: Fri May 10 20:06:46 2019
elapsed time: 113 seconds

