#
# A fatal error has been detected by the Java Runtime Environment:
#
#  SIGSEGV (0xb) at pc=0x00000001011f2c3f, pid=92442, tid=13827
#
# JRE version: OpenJDK Runtime Environment (7.0_181-b01) (build 1.7.0_181-b01)
# Java VM: OpenJDK 64-Bit Server VM (24.181-b01 mixed mode bsd-amd64 compressed oops)
# Problematic frame:
# V  [libjvm.dylib+0x1f2c3f]
#
# Failed to write core dump. Core dumps have been disabled. To enable core dumping, try "ulimit -c unlimited" before starting Java again
#
# If you would like to submit a bug report, please visit:
#   http://www.azulsystems.com/support/
#

---------------  T H R E A D  ---------------

Current thread (0x00007fd00004c000):  JavaThread "C2 CompilerThread1" daemon [_thread_in_vm, id=13827, stack(0x000070000a58a000,0x000070000a68a000)]

siginfo:si_signo=SIGSEGV: si_errno=0, si_code=1 (SEGV_MAPERR), si_addr=0x0000000000000024

Registers:
RAX=0x0000000000000000, RBX=0x000070000a685a20, RCX=0x0000000000000003, RDX=0x00000007b24cbcc8
RSP=0x000070000a685620, RBP=0x000070000a6856a0, RSI=0x000000000000001f, RDI=0x00000007b24cb970
R8 =0x00000007b24cbe68, R9 =0x0000000000000009, R10=0x00000000ffffffff, R11=0xfffffffffffffffc
R12=0x00000007b24c2e68, R13=0x00000007b24c2e78, R14=0x00000007b24c2068, R15=0x0000000000000000
RIP=0x00000001011f2c3f, EFLAGS=0x0000000000010206, ERR=0x0000000000000004
  TRAPNO=0x000000000000000e

Top of Stack: (sp=0x000070000a685620)
0x000070000a685620:   0000000000000000 0000000000000000
0x000070000a685630:   00000007b00cd538 0000000000000000
0x000070000a685640:   000070000a6857c0 000000010138165d
0x000070000a685650:   00007fd000000001 0000000000000000
0x000070000a685660:   0000000000000000 010000010149cb3c
0x000070000a685670:   00007fcfffc21450 00007fcf00000000
0x000070000a685680:   00000007b24c2e68 00000007b24c2e78
0x000070000a685690:   0000000000000000 000070000a685a20
0x000070000a6856a0:   000070000a685a10 00000001011f154a
0x000070000a6856b0:   000070000a685a38 000000000149dfc5
0x000070000a6856c0:   00000007b24c2e78 00007fcfffc214a8
0x000070000a6856d0:   00000001020922c0 00004d5400000014
0x000070000a6856e0:   0000000100000004 00007fd0015bea40
0x000070000a6856f0:   000070000a685790 0000000000000000
0x000070000a685700:   00007fcfffc21460 0000000000000000
0x000070000a685710:   0000000000000000 0000000000000000
0x000070000a685720:   000070000a6857f0 0000000101381283
0x000070000a685730:   00007fcfffc21468 00007fcfffc21460
0x000070000a685740:   00007fcfffc21470 00007fcfffc21478
0x000070000a685750:   000070000a6857f0 000000010151d71e
0x000070000a685760:   00000001020922c0 0000000102094b20
0x000070000a685770:   00007fcfffc21468 0000000102094b20
0x000070000a685780:   000070000a685af0 b408943b49c1004a
0x000070000a685790:   00007fcfffc20ff0 000070000a685940
0x000070000a6857a0:   00007fcfffc21460 00007fd00004c000
0x000070000a6857b0:   00007fcfffc21460 00007fffb2910070
0x000070000a6857c0:   000070000a685910 00000001013816de
0x000070000a6857d0:   00007fcfffc21478 00000000ffffffff
0x000070000a6857e0:   000070000a685800 00000001012c1f9f
0x000070000a6857f0:   000070000a685970 00007fcfffc21478
0x000070000a685800:   000070000a685810 00000001014a8ea5
0x000070000a685810:   000070000a685830 00000001011af22a 

Instructions: (pc=0x00000001011f2c3f)
0x00000001011f2c1f:   80 31 d2 4c 89 e6 e8 6e 00 00 00 48 85 c0 74 1c
0x00000001011f2c2f:   48 8b 53 08 48 8d 78 10 48 8b 33 e8 6b e2 0a 00
0x00000001011f2c3f:   8b 40 24 a8 08 75 09 f6 c4 04 75 04 31 c0 eb 0e
0x00000001011f2c4f:   48 63 43 30 4c 89 74 c3 38 b8 01 00 00 00 48 8b 

Register to memory mapping:

RAX=0x0000000000000000 is an unknown value
RBX=0x000070000a685a20 is pointing into the stack for thread: 0x00007fd00004c000
RCX=0x0000000000000003 is an unknown value
RDX=0x00000007b24cbcc8 is pointing into object: 0x00000007b24cbcc0
[[I 
 - klass: 'java/lang/Object'[]
 - length: 9
RSP=0x000070000a685620 is pointing into the stack for thread: 0x00007fd00004c000
RBP=0x000070000a6856a0 is pointing into the stack for thread: 0x00007fd00004c000
RSI=0x000000000000001f is an unknown value
RDI=0x00000007b24cb970 is an oop
{constant pool} 
 - klass: {other class}
 - holder: 0x00000007b24cc5b0
 - cache: 0x0000000000000000
 -   1 :  : klass_index=13 name_and_type_index=56
 -   2 :  : klass_index=14 name_and_type_index=57
 -   3 :  : klass_index=13 name_and_type_index=58
 -   4 :  : klass_index=13 name_and_type_index=59
 -   5 :  : klass_index=60 name_and_type_index=61
 -   6 :  : klass_index=14 name_and_type_index=62
 -   7 :  : klass_index=60 name_and_type_index=63
 -   8 :  : klass_index=14 name_and_type_index=64
 -   9 :  : klass_index=13 name_and_type_index=64
 -  10 :  : klass_index=14 name_and_type_index=65
 -  11 :  : klass_index=14 name_and_type_index=66
 -  12 :  : klass_index=14 name_and_type_index=67
 -  13 :  : 'com/google/common/collect/ImmutableList$SubList'
 -  14 :  : 'com/google/common/collect/ImmutableList'
 -  15 :  : 'offset'
 -  16 :  : 'I'
 -  17 :  : 'length'
 -  18 :  : 'this$0'
 -  19 :  : 'Lcom/google/common/collect/ImmutableList;'
 -  20 :  : '<init>'
 -  21 :  : '(Lcom/google/common/collect/ImmutableList;II)V'
 -  22 :  : 'Code'
 -  23 :  : 'LineNumberTable'
 -  24 :  : 'LocalVariableTable'
 -  25 :  : 'this'
 -  26 :  : 'SubList'
 -  27 :  : 'InnerClasses'
 -  28 :  : 'Lcom/google/common/collect/ImmutableList$SubList;'
 -  29 :  : 'LocalVariableTypeTable'
 -  30 :  : 'Lcom/google/common/collect/ImmutableList<TE;>.SubList;'
 -  31 :  : 'size'
 -  32 :  : '()I'
 -  33 :  : 'get'
 -  34 :  : '(I)Ljava/lang/Object;'
 -  35 :  : 'index'
 -  36 :  : 'Signature'
 -  37 :  : '(I)TE;'
 -  38 :  : 'subList'
 -  39 :  : '(II)Lcom/google/common/collect/ImmutableList;'
 -  40 :  : 'fromIndex'
 -  41 :  : 'toIndex'
 -  42 :  : '(II)Lcom/google/common/collect/ImmutableList<TE;>;'
 -  43 :  : 'isPartialView'
 -  44 :  : '()Z'
 -  45 :  : '(II)Ljava/util/List;'
 -  46 :  : 'x0'
 -  47 :  : 'x1'
 -  48 :  : 'listIterator'
 -  49 :  : '(I)Ljava/util/ListIterator;'
 -  50 :  : '()Ljava/util/ListIterator;'
 -  51 :  : 'iterator'
 -  52 :  : '()Ljava/util/Iterator;'
 -  53 :  : 'Lcom/google/common/collect/ImmutableList<TE;>;'
 -  54 :  : 'SourceFile'
 -  55 :  : 'ImmutableList.java'
 -  56 :  : name_index=18 signature_index=19
 -  57 :  : name_index=20 signature_index=70
 -  58 :  : name_index=15 signature_index=16
 -  59 :  : name_index=17 signature_index=16
 -  60 :  : 'com/google/common/base/Preconditions'
 -  61 :  : name_index=72 signature_index=73
 -  62 :  : name_index=33 signature_index=34
 -  63 :  : name_index=74 signature_index=75
 -  64 :  : name_index=38 signature_index=39
 -  65 :  : name_index=48 signature_index=76
 -  66 :  : name_index=48 signature_index=77
 -  67 :  : name_index=51 signature_index=78
 -  68 :  : 'com/google/common/collect/ImmutableList$SubList'
 -  69 :  : 'com/google/common/collect/ImmutableList'
 -  70 :  : '()V'
 -  71 :  : 'com/google/common/base/Preconditions'
 -  72 :  : 'checkElementIndex'
 -  73 :  : '(II)I'
 -  74 :  : 'checkPositionIndexes'
 -  75 :  : '(III)V'
 -  76 :  : '(I)Lcom/google/common/collect/UnmodifiableListIterator;'
 -  77 :  : '()Lcom/google/common/collect/UnmodifiableListIterator;'
 -  78 :  : '()Lcom/google/common/collect/UnmodifiableIterator;'

R8 =0x00000007b24cbe68 is an oop
{method} 
 - klass: {other class}
R9 =0x0000000000000009 is an unknown value
R10=0x00000000ffffffff is an unknown value
R11=0xfffffffffffffffc is an unknown value
R12=0x00000007b24c2e68 is an oop
{instance class} 
 - klass: {other class}
R13=0x00000007b24c2e78 is pointing into object: 0x00000007b24c2e68
{instance class} 
 - klass: {other class}
R14=0x00000007b24c2068 is an oop
{method} 
 - klass: {other class}
R15=0x0000000000000000 is an unknown value


Stack: [0x000070000a58a000,0x000070000a68a000],  sp=0x000070000a685620,  free space=1005k
Native frames: (J=compiled Java code, j=interpreted, Vv=VM code, C=native code)
V  [libjvm.dylib+0x1f2c3f]
V  [libjvm.dylib+0x1f154a]
V  [libjvm.dylib+0x1f1821]
V  [libjvm.dylib+0x176bf4]
V  [libjvm.dylib+0xe94c9]
V  [libjvm.dylib+0xe800d]
V  [libjvm.dylib+0xe89bc]
V  [libjvm.dylib+0xe8b7d]
V  [libjvm.dylib+0xe8dc8]
V  [libjvm.dylib+0xe90f4]
V  [libjvm.dylib+0x175893]
V  [libjvm.dylib+0x2393fd]
V  [libjvm.dylib+0x23b0c1]
V  [libjvm.dylib+0x23b3a3]
V  [libjvm.dylib+0x1b5831]
V  [libjvm.dylib+0x1b67a9]
V  [libjvm.dylib+0x15da7e]
V  [libjvm.dylib+0x1ba33c]
V  [libjvm.dylib+0x1baa65]
V  [libjvm.dylib+0x4cc98e]
V  [libjvm.dylib+0x4ccb9e]
V  [libjvm.dylib+0x400a88]
C  [libsystem_pthread.dylib+0x32eb]  _pthread_body+0x7e
C  [libsystem_pthread.dylib+0x6249]  _pthread_start+0x42
C  [libsystem_pthread.dylib+0x240d]  thread_start+0xd


Current CompileTask:
C2: 384299 1140             org.gradle.api.internal.artifacts.ivyservice.resolveengine.excludes.ModuleExclusions::maybeMergeIntoUnion (207 bytes)


---------------  P R O C E S S  ---------------

Java Threads: ( => current thread )
  0x00007fd002ab5800 JavaThread "Stdin handler" [_thread_blocked, id=22547, stack(0x000070000afa8000,0x000070000b0a8000)]
  0x00007fd002ab4800 JavaThread "Asynchronous log dispatcher for DefaultDaemonConnection: socket connection from /0:0:0:0:0:0:0:1:59226 to /0:0:0:0:0:0:0:1:63735" [_thread_blocked, id=16059, stack(0x000070000aea5000,0x000070000afa5000)]
  0x00007fd001a39800 JavaThread "Cancel handler" [_thread_blocked, id=21763, stack(0x000070000ac9f000,0x000070000ad9f000)]
  0x00007fd002ab2000 JavaThread "Handler for socket connection from /0:0:0:0:0:0:0:1:59226 to /0:0:0:0:0:0:0:1:63735" [_thread_in_native, id=22395, stack(0x000070000ab9c000,0x000070000ac9c000)]
  0x00007fd003a09800 JavaThread "process reaper" daemon [_thread_blocked, id=27143, stack(0x0000700009a66000,0x0000700009a8e000)]
  0x00007fd0012db800 JavaThread "Daemon worker Thread 3" [_thread_in_native, id=16991, stack(0x000070000ada2000,0x000070000aea2000)]
  0x00007fd003109000 JavaThread "Daemon Thread 3" [_thread_blocked, id=15507, stack(0x000070000aa99000,0x000070000ab99000)]
  0x00007fd000a3b000 JavaThread "Memory manager" [_thread_blocked, id=4875, stack(0x000070000b2dc000,0x000070000b3dc000)]
  0x00007fd00139e000 JavaThread "process reaper" daemon [_thread_blocked, id=23555, stack(0x000070000b2b1000,0x000070000b2d9000)]
  0x00007fd00137d800 JavaThread "File lock request listener" [_thread_in_native, id=23043, stack(0x000070000b1ae000,0x000070000b2ae000)]
  0x00007fd000304800 JavaThread "Cache worker for file hash cache (/Users/bramseyer/.gradle/caches/3.4.1/fileHashes)" [_thread_blocked, id=43267, stack(0x000070000b0ab000,0x000070000b1ab000)]
  0x00007fd001855000 JavaThread "Daemon periodic checks" [_thread_blocked, id=17667, stack(0x000070000a996000,0x000070000aa96000)]
  0x00007fd0009be000 JavaThread "Incoming local TCP Connector on port 59226" [_thread_in_native, id=14851, stack(0x000070000a893000,0x000070000a993000)]
  0x00007fd000052800 JavaThread "Service Thread" daemon [_thread_blocked, id=17923, stack(0x000070000a68d000,0x000070000a78d000)]
=>0x00007fd00004c000 JavaThread "C2 CompilerThread1" daemon [_thread_in_vm, id=13827, stack(0x000070000a58a000,0x000070000a68a000)]
  0x00007fd000051000 JavaThread "C2 CompilerThread0" daemon [_thread_blocked, id=18691, stack(0x000070000a487000,0x000070000a587000)]
  0x00007fd00004b000 JavaThread "Signal Dispatcher" daemon [_thread_blocked, id=13315, stack(0x000070000a384000,0x000070000a484000)]
  0x00007fd00100b800 JavaThread "Finalizer" daemon [_thread_blocked, id=20483, stack(0x000070000a281000,0x000070000a381000)]
  0x00007fd000802000 JavaThread "Reference Handler" daemon [_thread_blocked, id=20995, stack(0x000070000a17e000,0x000070000a27e000)]
  0x00007fd001002000 JavaThread "main" [_thread_blocked, id=6147, stack(0x0000700009b6c000,0x0000700009c6c000)]

Other Threads:
  0x00007fd000039000 VMThread [stack: 0x000070000a07b000,0x000070000a17b000] [id=11779]
  0x00007fd000063000 WatcherThread [stack: 0x000070000a790000,0x000070000a890000] [id=14339]

VM state:not at safepoint (normal execution)

VM Mutex/Monitor currently owned by a thread:  ([mutex/lock_event])
[0x00007fcfffe03de0] Compile_lock - owner thread: 0x00007fd00004c000

Heap
 PSYoungGen      total 270336K, used 212249K [0x00000007eaa80000, 0x00000007ff180000, 0x0000000800000000)
  eden space 253952K, 77% used [0x00000007eaa80000,0x00000007f69f66b0,0x00000007fa280000)
  from space 16384K, 98% used [0x00000007fe180000,0x00000007ff150000,0x00000007ff180000)
  to   space 29184K, 0% used [0x00000007fb880000,0x00000007fb880000,0x00000007fd500000)
 ParOldGen       total 174592K, used 34481K [0x00000007c0000000, 0x00000007caa80000, 0x00000007eaa80000)
  object space 174592K, 19% used [0x00000007c0000000,0x00000007c21ac7e8,0x00000007caa80000)
 PSPermGen       total 39936K, used 39609K [0x00000007b0000000, 0x00000007b2700000, 0x00000007c0000000)
  object space 39936K, 99% used [0x00000007b0000000,0x00000007b26ae758,0x00000007b2700000)

Card table byte_map: [0x0000000101a0f000,0x0000000101c90000] byte_map_base: 0x00000000fdc8f000

Polling page: 0x0000000100647000

Code Cache  [0x0000000102a8f000, 0x0000000102ebf000, 0x0000000105a8f000)
 total_blobs=1608 nmethods=1003 adapters=558 free_code_cache=44978Kb largest_free_block=45962880

Compilation events (10 events):
Event: 384.248 Thread 0x00007fd000051000 1136             org.gradle.internal.metaobject.AbstractDynamicObject::getProperty (32 bytes)
Event: 384.249 Thread 0x00007fd000051000 nmethod 1136 0x0000000102e24610 code [0x0000000102e24780, 0x0000000102e248f8]
Event: 384.264 Thread 0x00007fd00004c000 nmethod 1135 0x0000000102dc9bd0 code [0x0000000102dca0a0, 0x0000000102dcbec0]
Event: 384.273 Thread 0x00007fd000051000 1137             org.gradle.api.internal.artifacts.ivyservice.resolveengine.excludes.AbstractModuleExclusion::isWildcard (7 bytes)
Event: 384.273 Thread 0x00007fd000051000 nmethod 1137 0x0000000102d16290 code [0x0000000102d163c0, 0x0000000102d164f8]
Event: 384.277 Thread 0x00007fd000051000 1138             org.gradle.api.internal.artifacts.ivyservice.resolveengine.graph.DependencyGraphBuilder$ConfigurationNode::isTransitive (10 bytes)
Event: 384.278 Thread 0x00007fd00004c000 1139             org.gradle.internal.component.external.model.MavenDependencyMetadata::isTransitive (2 bytes)
Event: 384.278 Thread 0x00007fd00004c000 nmethod 1139 0x0000000102cfaf50 code [0x0000000102cfb080, 0x0000000102cfb0d8]
Event: 384.278 Thread 0x00007fd000051000 nmethod 1138 0x0000000102d15fd0 code [0x0000000102d16120, 0x0000000102d161d8]
Event: 384.279 Thread 0x00007fd00004c000 1140             org.gradle.api.internal.artifacts.ivyservice.resolveengine.excludes.ModuleExclusions::maybeMergeIntoUnion (207 bytes)

GC Heap History (10 events):
Event: 1.831 GC heap before
{Heap before GC invocations=2 (full 0):
 PSYoungGen      total 76800K, used 73211K [0x00000007eaa80000, 0x00000007f4080000, 0x0000000800000000)
  eden space 66048K, 100% used [0x00000007eaa80000,0x00000007eeb00000,0x00000007eeb00000)
  from space 10752K, 66% used [0x00000007eeb00000,0x00000007ef1fecd0,0x00000007ef580000)
  to   space 10752K, 0% used [0x00000007f3600000,0x00000007f3600000,0x00000007f4080000)
 ParOldGen       total 174592K, used 8K [0x00000007c0000000, 0x00000007caa80000, 0x00000007eaa80000)
  object space 174592K, 0% used [0x00000007c0000000,0x00000007c0002000,0x00000007caa80000)
 PSPermGen       total 21504K, used 20122K [0x00000007b0000000, 0x00000007b1500000, 0x00000007c0000000)
  object space 21504K, 93% used [0x00000007b0000000,0x00000007b13a6870,0x00000007b1500000)
Event: 1.848 GC heap after
Heap after GC invocations=2 (full 0):
 PSYoungGen      total 142848K, used 10725K [0x00000007eaa80000, 0x00000007f4080000, 0x0000000800000000)
  eden space 132096K, 0% used [0x00000007eaa80000,0x00000007eaa80000,0x00000007f2b80000)
  from space 10752K, 99% used [0x00000007f3600000,0x00000007f40795d0,0x00000007f4080000)
  to   space 10752K, 0% used [0x00000007f2b80000,0x00000007f2b80000,0x00000007f3600000)
 ParOldGen       total 174592K, used 1577K [0x00000007c0000000, 0x00000007caa80000, 0x00000007eaa80000)
  object space 174592K, 0% used [0x00000007c0000000,0x00000007c018a4a0,0x00000007caa80000)
 PSPermGen       total 21504K, used 20122K [0x00000007b0000000, 0x00000007b1500000, 0x00000007c0000000)
  object space 21504K, 93% used [0x00000007b0000000,0x00000007b13a6870,0x00000007b1500000)
}
Event: 5.346 GC heap before
{Heap before GC invocations=3 (full 0):
 PSYoungGen      total 142848K, used 142821K [0x00000007eaa80000, 0x00000007f4080000, 0x0000000800000000)
  eden space 132096K, 100% used [0x00000007eaa80000,0x00000007f2b80000,0x00000007f2b80000)
  from space 10752K, 99% used [0x00000007f3600000,0x00000007f40795d0,0x00000007f4080000)
  to   space 10752K, 0% used [0x00000007f2b80000,0x00000007f2b80000,0x00000007f3600000)
 ParOldGen       total 174592K, used 1577K [0x00000007c0000000, 0x00000007caa80000, 0x00000007eaa80000)
  object space 174592K, 0% used [0x00000007c0000000,0x00000007c018a4a0,0x00000007caa80000)
 PSPermGen       total 29184K, used 29110K [0x00000007b0000000, 0x00000007b1c80000, 0x00000007c0000000)
  object space 29184K, 99% used [0x00000007b0000000,0x00000007b1c6da20,0x00000007b1c80000)
Event: 5.369 GC heap after
Heap after GC invocations=3 (full 0):
 PSYoungGen      total 142848K, used 10736K [0x00000007eaa80000, 0x00000007fc180000, 0x0000000800000000)
  eden space 132096K, 0% used [0x00000007eaa80000,0x00000007eaa80000,0x00000007f2b80000)
  from space 10752K, 99% used [0x00000007f2b80000,0x00000007f35fc010,0x00000007f3600000)
  to   space 10752K, 0% used [0x00000007fb700000,0x00000007fb700000,0x00000007fc180000)
 ParOldGen       total 174592K, used 8964K [0x00000007c0000000, 0x00000007caa80000, 0x00000007eaa80000)
  object space 174592K, 5% used [0x00000007c0000000,0x00000007c08c11a0,0x00000007caa80000)
 PSPermGen       total 29184K, used 29110K [0x00000007b0000000, 0x00000007b1c80000, 0x00000007c0000000)
  object space 29184K, 99% used [0x00000007b0000000,0x00000007b1c6da20,0x00000007b1c80000)
}
Event: 6.564 GC heap before
{Heap before GC invocations=4 (full 0):
 PSYoungGen      total 142848K, used 142832K [0x00000007eaa80000, 0x00000007fc180000, 0x0000000800000000)
  eden space 132096K, 100% used [0x00000007eaa80000,0x00000007f2b80000,0x00000007f2b80000)
  from space 10752K, 99% used [0x00000007f2b80000,0x00000007f35fc010,0x00000007f3600000)
  to   space 10752K, 0% used [0x00000007fb700000,0x00000007fb700000,0x00000007fc180000)
 ParOldGen       total 174592K, used 8964K [0x00000007c0000000, 0x00000007caa80000, 0x00000007eaa80000)
  object space 174592K, 5% used [0x00000007c0000000,0x00000007c08c11a0,0x00000007caa80000)
 PSPermGen       total 33792K, used 33669K [0x00000007b0000000, 0x00000007b2100000, 0x00000007c0000000)
  object space 33792K, 99% used [0x00000007b0000000,0x00000007b20e17b0,0x00000007b2100000)
Event: 6.599 GC heap after
Heap after GC invocations=4 (full 0):
 PSYoungGen      total 274944K, used 10740K [0x00000007eaa80000, 0x00000007fc180000, 0x0000000800000000)
  eden space 264192K, 0% used [0x00000007eaa80000,0x00000007eaa80000,0x00000007fac80000)
  from space 10752K, 99% used [0x00000007fb700000,0x00000007fc17d010,0x00000007fc180000)
  to   space 10752K, 0% used [0x00000007fac80000,0x00000007fac80000,0x00000007fb700000)
 ParOldGen       total 174592K, used 19507K [0x00000007c0000000, 0x00000007caa80000, 0x00000007eaa80000)
  object space 174592K, 11% used [0x00000007c0000000,0x00000007c130cc98,0x00000007caa80000)
 PSPermGen       total 33792K, used 33669K [0x00000007b0000000, 0x00000007b2100000, 0x00000007c0000000)
  object space 33792K, 99% used [0x00000007b0000000,0x00000007b20e17b0,0x00000007b2100000)
}
Event: 70.323 GC heap before
{Heap before GC invocations=5 (full 0):
 PSYoungGen      total 274944K, used 274932K [0x00000007eaa80000, 0x00000007fc180000, 0x0000000800000000)
  eden space 264192K, 100% used [0x00000007eaa80000,0x00000007fac80000,0x00000007fac80000)
  from space 10752K, 99% used [0x00000007fb700000,0x00000007fc17d010,0x00000007fc180000)
  to   space 10752K, 0% used [0x00000007fac80000,0x00000007fac80000,0x00000007fb700000)
 ParOldGen       total 174592K, used 19507K [0x00000007c0000000, 0x00000007caa80000, 0x00000007eaa80000)
  object space 174592K, 11% used [0x00000007c0000000,0x00000007c130cc98,0x00000007caa80000)
 PSPermGen       total 39424K, used 38925K [0x00000007b0000000, 0x00000007b2680000, 0x00000007c0000000)
  object space 39424K, 98% used [0x00000007b0000000,0x00000007b2603748,0x00000007b2680000)
Event: 70.354 GC heap after
Heap after GC invocations=5 (full 0):
 PSYoungGen      total 274944K, used 10752K [0x00000007eaa80000, 0x0000000800000000, 0x0000000800000000)
  eden space 264192K, 0% used [0x00000007eaa80000,0x00000007eaa80000,0x00000007fac80000)
  from space 10752K, 100% used [0x00000007fac80000,0x00000007fb700000,0x00000007fb700000)
  to   space 31232K, 0% used [0x00000007fe180000,0x00000007fe180000,0x0000000800000000)
 ParOldGen       total 174592K, used 34481K [0x00000007c0000000, 0x00000007caa80000, 0x00000007eaa80000)
  object space 174592K, 19% used [0x00000007c0000000,0x00000007c21ac7e8,0x00000007caa80000)
 PSPermGen       total 39424K, used 38925K [0x00000007b0000000, 0x00000007b2680000, 0x00000007c0000000)
  object space 39424K, 98% used [0x00000007b0000000,0x00000007b2603748,0x00000007b2680000)
}
Event: 260.721 GC heap before
{Heap before GC invocations=6 (full 0):
 PSYoungGen      total 274944K, used 274944K [0x00000007eaa80000, 0x0000000800000000, 0x0000000800000000)
  eden space 264192K, 100% used [0x00000007eaa80000,0x00000007fac80000,0x00000007fac80000)
  from space 10752K, 100% used [0x00000007fac80000,0x00000007fb700000,0x00000007fb700000)
  to   space 31232K, 0% used [0x00000007fe180000,0x00000007fe180000,0x0000000800000000)
 ParOldGen       total 174592K, used 34481K [0x00000007c0000000, 0x00000007caa80000, 0x00000007eaa80000)
  object space 174592K, 19% used [0x00000007c0000000,0x00000007c21ac7e8,0x00000007caa80000)
 PSPermGen       total 39424K, used 39405K [0x00000007b0000000, 0x00000007b2680000, 0x00000007c0000000)
  object space 39424K, 99% used [0x00000007b0000000,0x00000007b267b690,0x00000007b2680000)
Event: 260.751 GC heap after
Heap after GC invocations=6 (full 0):
 PSYoungGen      total 270336K, used 16192K [0x00000007eaa80000, 0x00000007ff180000, 0x0000000800000000)
  eden space 253952K, 0% used [0x00000007eaa80000,0x00000007eaa80000,0x00000007fa280000)
  from space 16384K, 98% used [0x00000007fe180000,0x00000007ff150000,0x00000007ff180000)
  to   space 29184K, 0% used [0x00000007fb880000,0x00000007fb880000,0x00000007fd500000)
 ParOldGen       total 174592K, used 34481K [0x00000007c0000000, 0x00000007caa80000, 0x00000007eaa80000)
  object space 174592K, 19% used [0x00000007c0000000,0x00000007c21ac7e8,0x00000007caa80000)
 PSPermGen       total 39424K, used 39405K [0x00000007b0000000, 0x00000007b2680000, 0x00000007c0000000)
  object space 39424K, 99% used [0x00000007b0000000,0x00000007b267b690,0x00000007b2680000)
}

Deoptimization events (10 events):
Event: 260.753 Thread 0x00007fd00100b800 Uncommon trap: reason=unstable_if action=reinterpret pc=0x0000000102cc949c method=java.lang.ref.Finalizer.remove()V @ 10
Event: 260.753 Thread 0x00007fd00100b800 Uncommon trap: reason=unstable_if action=reinterpret pc=0x0000000102b66008 method=java.lang.ref.Finalizer.remove()V @ 10
Event: 260.753 Thread 0x00007fd00100b800 Uncommon trap: reason=unstable_if action=reinterpret pc=0x0000000102b3b4dc method=java.lang.ref.Finalizer.remove()V @ 10
Event: 260.795 Thread 0x00007fd003109000 Uncommon trap: reason=null_check action=make_not_entrant pc=0x0000000102e62664 method=java.lang.Class.isEnum()Z @ 1
Event: 262.364 Thread 0x00007fd003109000 Uncommon trap: reason=class_check action=maybe_recompile pc=0x0000000102c97670 method=java.lang.Throwable.<init>(Ljava/lang/Throwable;)V @ 24
Event: 262.365 Thread 0x00007fd003109000 Uncommon trap: reason=class_check action=maybe_recompile pc=0x0000000102c9a510 method=java.lang.Throwable.<init>(Ljava/lang/String;Ljava/lang/Throwable;)V @ 24
Event: 334.172 Thread 0x00007fd0012db800 Uncommon trap: reason=unstable_if action=reinterpret pc=0x0000000102d2e3b8 method=org.codehaus.groovy.reflection.ReflectionCache.isArray(Ljava/lang/Class;)Z @ 10
Event: 334.218 Thread 0x00007fd0012db800 Uncommon trap: reason=unstable_if action=reinterpret pc=0x0000000102e7da60 method=org.gradle.api.internal.artifacts.ivyservice.resolveengine.graph.DependencyGraphBuilder$DependencyEdge.isTransitive()Z @ 19
Event: 335.904 Thread 0x00007fd0012db800 Uncommon trap: reason=class_check action=maybe_recompile pc=0x0000000102c9a510 method=java.lang.Throwable.<init>(Ljava/lang/String;Ljava/lang/Throwable;)V @ 24
Event: 384.081 Thread 0x00007fd0012db800 Uncommon trap: reason=null_check action=make_not_entrant pc=0x0000000102e60d10 method=org.codehaus.groovy.runtime.typehandling.DefaultTypeTransformation.castToType(Ljava/lang/Object;Ljava/lang/Class;)Ljava/lang/Object; @ 65

Internal exceptions (10 events):
Event: 260.503 Thread 0x00007fd003109000 Implicit null exception at 0x0000000102e29af9 to 0x0000000102e2a011
Event: 260.504 Thread 0x00007fd003109000 Threw 0x00000007f99b7348 at /Users/tester/jenkins/workspace/zulu7u-silver-build-macos/zulu-src/hotspot/src/share/vm/prims/jvm.cpp:1360
Event: 260.645 Thread 0x00007fd003109000 Threw 0x00000007fa7adec0 at /Users/tester/jenkins/workspace/zulu7u-silver-build-macos/zulu-src/hotspot/src/share/vm/prims/jvm.cpp:1360
Event: 260.645 Thread 0x00007fd003109000 Threw 0x00000007fa7af288 at /Users/tester/jenkins/workspace/zulu7u-silver-build-macos/zulu-src/hotspot/src/share/vm/prims/jvm.cpp:1360
Event: 260.795 Thread 0x00007fd003109000 Implicit null exception at 0x0000000102e621c1 to 0x0000000102e6264d
Event: 262.364 Thread 0x00007fd003109000 Threw 0x00000007eb5eb8b8 at /Users/tester/jenkins/workspace/zulu7u-silver-build-macos/zulu-src/hotspot/src/share/vm/runtime/reflection.cpp:1030
Event: 334.207 Thread 0x00007fd0012db800 Threw 0x00000007efc2ff40 at /Users/tester/jenkins/workspace/zulu7u-silver-build-macos/zulu-src/hotspot/src/share/vm/prims/jvm.cpp:1360
Event: 335.904 Thread 0x00007fd0012db800 Threw 0x00000007f1b34520 at /Users/tester/jenkins/workspace/zulu7u-silver-build-macos/zulu-src/hotspot/src/share/vm/runtime/reflection.cpp:1030
Event: 384.081 Thread 0x00007fd0012db800 Implicit null exception at 0x0000000102e6083a to 0x0000000102e60cfd
Event: 384.082 Thread 0x00007fd0012db800 Threw 0x00000007f55f95e0 at /Users/tester/jenkins/workspace/zulu7u-silver-build-macos/zulu-src/hotspot/src/share/vm/prims/jvm.cpp:1360

Events (10 events):
Event: 383.787 Executing VM operation: RevokeBias done
Event: 383.787 Executing VM operation: RevokeBias
Event: 383.787 Executing VM operation: RevokeBias done
Event: 383.831 Thread 0x00007fd001a39800 Thread added: 0x00007fd001a39800
Event: 383.835 Thread 0x00007fd002ab4800 Thread added: 0x00007fd002ab4800
Event: 383.836 Thread 0x00007fd002ab5800 Thread added: 0x00007fd002ab5800
Event: 383.894 Thread 0x00007fd000051000 flushing nmethod 0x0000000102c973d0
Event: 384.081 Thread 0x00007fd0012db800 Uncommon trap: trap_request=0xfffffff4 fr.pc=0x0000000102e60d10
Event: 384.081 Thread 0x00007fd0012db800 DEOPT PACKING pc=0x0000000102e60d10 sp=0x000070000ae9e2e0
Event: 384.081 Thread 0x00007fd0012db800 DEOPT UNPACKING pc=0x0000000102ac8045 sp=0x000070000ae9e2b8 mode 2


Dynamic libraries:
0x0000000027e7a000 	/System/Library/Frameworks/Cocoa.framework/Versions/A/Cocoa
0x0000000027e7a000 	/System/Library/Frameworks/Security.framework/Versions/A/Security
0x0000000027e7a000 	/System/Library/Frameworks/ApplicationServices.framework/Versions/A/ApplicationServices
0x0000000027e7a000 	/usr/lib/libz.1.dylib
0x0000000027e7a000 	/usr/lib/libSystem.B.dylib
0x0000000027e7a000 	/usr/lib/libobjc.A.dylib
0x0000000027e7a000 	/System/Library/Frameworks/CoreFoundation.framework/Versions/A/CoreFoundation
0x0000000027e7a000 	/System/Library/Frameworks/Foundation.framework/Versions/C/Foundation
0x0000000027e7a000 	/System/Library/Frameworks/AppKit.framework/Versions/C/AppKit
0x0000000027e7a000 	/System/Library/Frameworks/CoreData.framework/Versions/A/CoreData
0x0000000027e7a000 	/System/Library/PrivateFrameworks/RemoteViewServices.framework/Versions/A/RemoteViewServices
0x0000000027e7a000 	/System/Library/PrivateFrameworks/UIFoundation.framework/Versions/A/UIFoundation
0x0000000027e7a000 	/System/Library/PrivateFrameworks/XCTTargetBootstrap.framework/Versions/A/XCTTargetBootstrap
0x0000000027e7a000 	/System/Library/PrivateFrameworks/IconServices.framework/Versions/A/IconServices
0x0000000027e7a000 	/System/Library/Frameworks/Metal.framework/Versions/A/Metal
0x0000000027e7a000 	/System/Library/PrivateFrameworks/DesktopServicesPriv.framework/Versions/A/DesktopServicesPriv
0x0000000027e7a000 	/usr/lib/libenergytrace.dylib
0x0000000027e7a000 	/System/Library/PrivateFrameworks/SkyLight.framework/Versions/A/SkyLight
0x0000000027e7a000 	/System/Library/Frameworks/CoreGraphics.framework/Versions/A/CoreGraphics
0x0000000027e7a000 	/System/Library/Frameworks/Accelerate.framework/Versions/A/Accelerate
0x0000000027e7a000 	/System/Library/Frameworks/IOSurface.framework/Versions/A/IOSurface
0x0000000027e7a000 	/System/Library/PrivateFrameworks/DFRFoundation.framework/Versions/A/DFRFoundation
0x0000000027e7a000 	/System/Library/Frameworks/AudioToolbox.framework/Versions/A/AudioToolbox
0x0000000027e7a000 	/System/Library/Frameworks/AudioUnit.framework/Versions/A/AudioUnit
0x0000000027e7a000 	/System/Library/PrivateFrameworks/DataDetectorsCore.framework/Versions/A/DataDetectorsCore
0x0000000027e7a000 	/System/Library/Frameworks/Carbon.framework/Versions/A/Frameworks/HIToolbox.framework/Versions/A/HIToolbox
0x0000000027e7a000 	/usr/lib/libicucore.A.dylib
0x0000000027e7a000 	/System/Library/Frameworks/QuartzCore.framework/Versions/A/QuartzCore
0x0000000027e7a000 	/System/Library/Frameworks/Carbon.framework/Versions/A/Frameworks/SpeechRecognition.framework/Versions/A/SpeechRecognition
0x0000000027e7a000 	/usr/lib/libauto.dylib
0x0000000027e7a000 	/usr/lib/libxml2.2.dylib
0x0000000027e7a000 	/System/Library/PrivateFrameworks/CoreUI.framework/Versions/A/CoreUI
0x0000000027e7a000 	/System/Library/Frameworks/CoreAudio.framework/Versions/A/CoreAudio
0x0000000027e7a000 	/System/Library/Frameworks/DiskArbitration.framework/Versions/A/DiskArbitration
0x0000000027e7a000 	/usr/lib/liblangid.dylib
0x0000000027e7a000 	/System/Library/PrivateFrameworks/MultitouchSupport.framework/Versions/A/MultitouchSupport
0x0000000027e7a000 	/System/Library/Frameworks/IOKit.framework/Versions/A/IOKit
0x0000000027e7a000 	/usr/lib/libDiagnosticMessagesClient.dylib
0x0000000027e7a000 	/System/Library/Frameworks/CoreServices.framework/Versions/A/CoreServices
0x0000000027e7a000 	/System/Library/PrivateFrameworks/PerformanceAnalysis.framework/Versions/A/PerformanceAnalysis
0x0000000027e7a000 	/System/Library/Frameworks/OpenGL.framework/Versions/A/OpenGL
0x0000000027e7a000 	/System/Library/Frameworks/ColorSync.framework/Versions/A/ColorSync
0x0000000027e7a000 	/System/Library/Frameworks/CoreImage.framework/Versions/A/CoreImage
0x0000000027e7a000 	/System/Library/Frameworks/CoreText.framework/Versions/A/CoreText
0x0000000027e7a000 	/System/Library/Frameworks/ImageIO.framework/Versions/A/ImageIO
0x0000000027e7a000 	/System/Library/PrivateFrameworks/Backup.framework/Versions/A/Backup
0x0000000027e7a000 	/usr/lib/libarchive.2.dylib
0x0000000027e7a000 	/System/Library/Frameworks/CFNetwork.framework/Versions/A/CFNetwork
0x0000000027e7a000 	/System/Library/Frameworks/SystemConfiguration.framework/Versions/A/SystemConfiguration
0x0000000027e7a000 	/usr/lib/libCRFSuite.dylib
0x0000000027e7a000 	/usr/lib/libc++.1.dylib
0x0000000027e7a000 	/usr/lib/libc++abi.dylib
0x0000000027e7a000 	/usr/lib/system/libcache.dylib
0x0000000027e7a000 	/usr/lib/system/libcommonCrypto.dylib
0x0000000027e7a000 	/usr/lib/system/libcompiler_rt.dylib
0x0000000027e7a000 	/usr/lib/system/libcopyfile.dylib
0x0000000027e7a000 	/usr/lib/system/libcorecrypto.dylib
0x0000000027e7a000 	/usr/lib/system/libdispatch.dylib
0x0000000027e7a000 	/usr/lib/system/libdyld.dylib
0x0000000027e7a000 	/usr/lib/system/libkeymgr.dylib
0x0000000027e7a000 	/usr/lib/system/liblaunch.dylib
0x0000000027e7a000 	/usr/lib/system/libmacho.dylib
0x0000000027e7a000 	/usr/lib/system/libquarantine.dylib
0x0000000027e7a000 	/usr/lib/system/libremovefile.dylib
0x0000000027e7a000 	/usr/lib/system/libsystem_asl.dylib
0x0000000027e7a000 	/usr/lib/system/libsystem_blocks.dylib
0x0000000027e7a000 	/usr/lib/system/libsystem_c.dylib
0x0000000027e7a000 	/usr/lib/system/libsystem_configuration.dylib
0x0000000027e7a000 	/usr/lib/system/libsystem_coreservices.dylib
0x0000000027e7a000 	/usr/lib/system/libsystem_darwin.dylib
0x0000000027e7a000 	/usr/lib/system/libsystem_dnssd.dylib
0x0000000027e7a000 	/usr/lib/system/libsystem_info.dylib
0x0000000027e7a000 	/usr/lib/system/libsystem_m.dylib
0x0000000027e7a000 	/usr/lib/system/libsystem_malloc.dylib
0x0000000027e7a000 	/usr/lib/system/libsystem_networkextension.dylib
0x0000000027e7a000 	/usr/lib/system/libsystem_notify.dylib
0x0000000027e7a000 	/usr/lib/system/libsystem_sandbox.dylib
0x0000000027e7a000 	/usr/lib/system/libsystem_secinit.dylib
0x0000000027e7a000 	/usr/lib/system/libsystem_kernel.dylib
0x0000000027e7a000 	/usr/lib/system/libsystem_platform.dylib
0x0000000027e7a000 	/usr/lib/system/libsystem_pthread.dylib
0x0000000027e7a000 	/usr/lib/system/libsystem_symptoms.dylib
0x0000000027e7a000 	/usr/lib/system/libsystem_trace.dylib
0x0000000027e7a000 	/usr/lib/system/libunwind.dylib
0x0000000027e7a000 	/usr/lib/system/libxpc.dylib
0x0000000027e7a000 	/usr/lib/libbsm.0.dylib
0x0000000027e7a000 	/usr/lib/system/libkxld.dylib
0x0000000027e7a000 	/System/Library/PrivateFrameworks/AppleFSCompression.framework/Versions/A/AppleFSCompression
0x0000000027e7a000 	/usr/lib/libOpenScriptingUtil.dylib
0x0000000027e7a000 	/usr/lib/libcoretls.dylib
0x0000000027e7a000 	/usr/lib/libcoretls_cfhelpers.dylib
0x0000000027e7a000 	/usr/lib/libpam.2.dylib
0x0000000027e7a000 	/usr/lib/libsqlite3.dylib
0x0000000027e7a000 	/usr/lib/libxar.1.dylib
0x0000000027e7a000 	/usr/lib/libbz2.1.0.dylib
0x0000000027e7a000 	/usr/lib/liblzma.5.dylib
0x0000000027e7a000 	/usr/lib/libnetwork.dylib
0x0000000027e7a000 	/usr/lib/libapple_nghttp2.dylib
0x0000000027e7a000 	/usr/lib/libpcap.A.dylib
0x0000000027e7a000 	/System/Library/Frameworks/CoreServices.framework/Versions/A/Frameworks/FSEvents.framework/Versions/A/FSEvents
0x0000000027e7a000 	/System/Library/Frameworks/CoreServices.framework/Versions/A/Frameworks/CarbonCore.framework/Versions/A/CarbonCore
0x0000000027e7a000 	/System/Library/Frameworks/CoreServices.framework/Versions/A/Frameworks/Metadata.framework/Versions/A/Metadata
0x0000000027e7a000 	/System/Library/Frameworks/CoreServices.framework/Versions/A/Frameworks/OSServices.framework/Versions/A/OSServices
0x0000000027e7a000 	/System/Library/Frameworks/CoreServices.framework/Versions/A/Frameworks/SearchKit.framework/Versions/A/SearchKit
0x0000000027e7a000 	/System/Library/Frameworks/CoreServices.framework/Versions/A/Frameworks/AE.framework/Versions/A/AE
0x0000000027e7a000 	/System/Library/Frameworks/CoreServices.framework/Versions/A/Frameworks/LaunchServices.framework/Versions/A/LaunchServices
0x0000000027e7a000 	/System/Library/Frameworks/CoreServices.framework/Versions/A/Frameworks/DictionaryServices.framework/Versions/A/DictionaryServices
0x0000000027e7a000 	/System/Library/Frameworks/CoreServices.framework/Versions/A/Frameworks/SharedFileList.framework/Versions/A/SharedFileList
0x0000000027e7a000 	/System/Library/Frameworks/NetFS.framework/Versions/A/NetFS
0x0000000027e7a000 	/System/Library/PrivateFrameworks/NetAuth.framework/Versions/A/NetAuth
0x0000000027e7a000 	/System/Library/PrivateFrameworks/login.framework/Versions/A/Frameworks/loginsupport.framework/Versions/A/loginsupport
0x0000000027e7a000 	/System/Library/PrivateFrameworks/TCC.framework/Versions/A/TCC
0x0000000027e7a000 	/System/Library/PrivateFrameworks/CoreNLP.framework/Versions/A/CoreNLP
0x0000000027e7a000 	/System/Library/PrivateFrameworks/MetadataUtilities.framework/Versions/A/MetadataUtilities
0x0000000027e7a000 	/usr/lib/libmecabra.dylib
0x0000000027e7a000 	/System/Library/Frameworks/ApplicationServices.framework/Versions/A/Frameworks/ATS.framework/Versions/A/ATS
0x0000000027e7a000 	/System/Library/Frameworks/ApplicationServices.framework/Versions/A/Frameworks/ColorSyncLegacy.framework/Versions/A/ColorSyncLegacy
0x0000000027e7a000 	/System/Library/Frameworks/ApplicationServices.framework/Versions/A/Frameworks/HIServices.framework/Versions/A/HIServices
0x0000000027e7a000 	/System/Library/Frameworks/ApplicationServices.framework/Versions/A/Frameworks/LangAnalysis.framework/Versions/A/LangAnalysis
0x0000000027e7a000 	/System/Library/Frameworks/ApplicationServices.framework/Versions/A/Frameworks/PrintCore.framework/Versions/A/PrintCore
0x0000000027e7a000 	/System/Library/Frameworks/ApplicationServices.framework/Versions/A/Frameworks/QD.framework/Versions/A/QD
0x0000000027e7a000 	/System/Library/Frameworks/ApplicationServices.framework/Versions/A/Frameworks/SpeechSynthesis.framework/Versions/A/SpeechSynthesis
0x0000000027e7a000 	/usr/lib/libcompression.dylib
0x0000000027e7a000 	/System/Library/Frameworks/CoreDisplay.framework/Versions/A/CoreDisplay
0x0000000027e7a000 	/System/Library/Frameworks/MetalPerformanceShaders.framework/Versions/A/MetalPerformanceShaders
0x0000000027e7a000 	/System/Library/Frameworks/Accelerate.framework/Versions/A/Frameworks/vImage.framework/Versions/A/vImage
0x0000000027e7a000 	/System/Library/Frameworks/Accelerate.framework/Versions/A/Frameworks/vecLib.framework/Versions/A/vecLib
0x0000000027e7a000 	/System/Library/Frameworks/Accelerate.framework/Versions/A/Frameworks/vecLib.framework/Versions/A/libvMisc.dylib
0x0000000027e7a000 	/System/Library/Frameworks/Accelerate.framework/Versions/A/Frameworks/vecLib.framework/Versions/A/libvDSP.dylib
0x0000000027e7a000 	/System/Library/Frameworks/Accelerate.framework/Versions/A/Frameworks/vecLib.framework/Versions/A/libBLAS.dylib
0x0000000027e7a000 	/System/Library/Frameworks/Accelerate.framework/Versions/A/Frameworks/vecLib.framework/Versions/A/libLAPACK.dylib
0x0000000027e7a000 	/System/Library/Frameworks/Accelerate.framework/Versions/A/Frameworks/vecLib.framework/Versions/A/libLinearAlgebra.dylib
0x0000000027e7a000 	/System/Library/Frameworks/Accelerate.framework/Versions/A/Frameworks/vecLib.framework/Versions/A/libSparseBLAS.dylib
0x0000000027e7a000 	/System/Library/Frameworks/Accelerate.framework/Versions/A/Frameworks/vecLib.framework/Versions/A/libQuadrature.dylib
0x0000000027e7a000 	/System/Library/Frameworks/Accelerate.framework/Versions/A/Frameworks/vecLib.framework/Versions/A/libBNNS.dylib
0x0000000027e7a000 	/System/Library/Frameworks/Accelerate.framework/Versions/A/Frameworks/vecLib.framework/Versions/A/libSparse.dylib
0x0000000027e7a000 	/System/Library/PrivateFrameworks/GPUWrangler.framework/Versions/A/GPUWrangler
0x0000000027e7a000 	/System/Library/PrivateFrameworks/IOAccelerator.framework/Versions/A/IOAccelerator
0x0000000027e7a000 	/System/Library/PrivateFrameworks/IOPresentment.framework/Versions/A/IOPresentment
0x0000000027e7a000 	/System/Library/PrivateFrameworks/DSExternalDisplay.framework/Versions/A/DSExternalDisplay
0x0000000027e7a000 	/System/Library/Frameworks/OpenGL.framework/Versions/A/Libraries/libCoreFSCache.dylib
0x0000000027e7a000 	/System/Library/Frameworks/MetalPerformanceShaders.framework/Frameworks/MPSCore.framework/Versions/A/MPSCore
0x0000000027e7a000 	/System/Library/Frameworks/MetalPerformanceShaders.framework/Frameworks/MPSImage.framework/Versions/A/MPSImage
0x0000000027e7a000 	/System/Library/Frameworks/MetalPerformanceShaders.framework/Frameworks/MPSNeuralNetwork.framework/Versions/A/MPSNeuralNetwork
0x0000000027e7a000 	/System/Library/Frameworks/MetalPerformanceShaders.framework/Frameworks/MPSMatrix.framework/Versions/A/MPSMatrix
0x0000000027e7a000 	/System/Library/Frameworks/MetalPerformanceShaders.framework/Frameworks/MPSRayIntersector.framework/Versions/A/MPSRayIntersector
0x0000000027e7a000 	/System/Library/PrivateFrameworks/MetalTools.framework/Versions/A/MetalTools
0x0000000027e7a000 	/System/Library/PrivateFrameworks/AggregateDictionary.framework/Versions/A/AggregateDictionary
0x0000000027e7a000 	/usr/lib/libMobileGestalt.dylib
0x0000000027e7a000 	/System/Library/Frameworks/CoreVideo.framework/Versions/A/CoreVideo
0x0000000027e7a000 	/System/Library/PrivateFrameworks/GraphVisualizer.framework/Versions/A/GraphVisualizer
0x0000000027e7a000 	/System/Library/PrivateFrameworks/FaceCore.framework/Versions/A/FaceCore
0x0000000027e7a000 	/System/Library/Frameworks/OpenCL.framework/Versions/A/OpenCL
0x0000000027e7a000 	/usr/lib/libFosl_dynamic.dylib
0x0000000027e7a000 	/System/Library/PrivateFrameworks/OTSVG.framework/Versions/A/OTSVG
0x0000000027e7a000 	/System/Library/Frameworks/ApplicationServices.framework/Versions/A/Frameworks/ATS.framework/Versions/A/Resources/libFontParser.dylib
0x0000000027e7a000 	/System/Library/Frameworks/ApplicationServices.framework/Versions/A/Frameworks/ATS.framework/Versions/A/Resources/libFontRegistry.dylib
0x0000000027e7a000 	/System/Library/Frameworks/ImageIO.framework/Versions/A/Resources/libJPEG.dylib
0x0000000027e7a000 	/System/Library/Frameworks/ImageIO.framework/Versions/A/Resources/libTIFF.dylib
0x0000000027e7a000 	/System/Library/Frameworks/ImageIO.framework/Versions/A/Resources/libPng.dylib
0x0000000027e7a000 	/System/Library/Frameworks/ImageIO.framework/Versions/A/Resources/libGIF.dylib
0x0000000027e7a000 	/System/Library/Frameworks/ImageIO.framework/Versions/A/Resources/libJP2.dylib
0x0000000027e7a000 	/System/Library/Frameworks/ImageIO.framework/Versions/A/Resources/libRadiance.dylib
0x0000000027e7a000 	/System/Library/PrivateFrameworks/AppleJPEG.framework/Versions/A/AppleJPEG
0x0000000027e7a000 	/System/Library/Frameworks/OpenGL.framework/Versions/A/Libraries/libGFXShared.dylib
0x0000000027e7a000 	/System/Library/Frameworks/OpenGL.framework/Versions/A/Libraries/libGLU.dylib
0x0000000027e7a000 	/System/Library/Frameworks/OpenGL.framework/Versions/A/Libraries/libGL.dylib
0x0000000027e7a000 	/System/Library/Frameworks/OpenGL.framework/Versions/A/Libraries/libGLImage.dylib
0x0000000027e7a000 	/System/Library/Frameworks/OpenGL.framework/Versions/A/Libraries/libCVMSPluginSupport.dylib
0x0000000027e7a000 	/System/Library/Frameworks/OpenGL.framework/Versions/A/Libraries/libCoreVMClient.dylib
0x0000000027e7a000 	/usr/lib/libcups.2.dylib
0x0000000027e7a000 	/System/Library/Frameworks/Kerberos.framework/Versions/A/Kerberos
0x0000000027e7a000 	/System/Library/Frameworks/GSS.framework/Versions/A/GSS
0x0000000027e7a000 	/usr/lib/libresolv.9.dylib
0x0000000027e7a000 	/usr/lib/libiconv.2.dylib
0x0000000027e7a000 	/System/Library/PrivateFrameworks/Heimdal.framework/Versions/A/Heimdal
0x0000000027e7a000 	/usr/lib/libheimdal-asn1.dylib
0x0000000027e7a000 	/System/Library/Frameworks/OpenDirectory.framework/Versions/A/OpenDirectory
0x0000000027e7a000 	/System/Library/PrivateFrameworks/CommonAuth.framework/Versions/A/CommonAuth
0x0000000027e7a000 	/System/Library/Frameworks/OpenDirectory.framework/Versions/A/Frameworks/CFOpenDirectory.framework/Versions/A/CFOpenDirectory
0x0000000027e7a000 	/System/Library/Frameworks/SecurityFoundation.framework/Versions/A/SecurityFoundation
0x0000000027e7a000 	/System/Library/PrivateFrameworks/APFS.framework/Versions/A/APFS
0x0000000027e7a000 	/usr/lib/libutil.dylib
0x0000000027e7a000 	/usr/lib/libcharset.1.dylib
0x0000000027e7a000 	/System/Library/PrivateFrameworks/AppleSauce.framework/Versions/A/AppleSauce
0x0000000027e7a000 	/System/Library/PrivateFrameworks/AssertionServices.framework/Versions/A/AssertionServices
0x0000000027e7a000 	/System/Library/PrivateFrameworks/BaseBoard.framework/Versions/A/BaseBoard
0x0000000027e7a000 	/usr/lib/libmecab.1.0.0.dylib
0x0000000027e7a000 	/usr/lib/libgermantok.dylib
0x0000000027e7a000 	/usr/lib/libThaiTokenizer.dylib
0x0000000027e7a000 	/usr/lib/libChineseTokenizer.dylib
0x0000000027e7a000 	/System/Library/PrivateFrameworks/LanguageModeling.framework/Versions/A/LanguageModeling
0x0000000027e7a000 	/System/Library/PrivateFrameworks/CoreEmoji.framework/Versions/A/CoreEmoji
0x0000000027e7a000 	/System/Library/PrivateFrameworks/Lexicon.framework/Versions/A/Lexicon
0x0000000027e7a000 	/System/Library/PrivateFrameworks/LinguisticData.framework/Versions/A/LinguisticData
0x0000000027e7a000 	/usr/lib/libcmph.dylib
0x0000000027e7a000 	/System/Library/Frameworks/ServiceManagement.framework/Versions/A/ServiceManagement
0x0000000027e7a000 	/System/Library/PrivateFrameworks/BackgroundTaskManagement.framework/Versions/A/BackgroundTaskManagement
0x0000000027e7a000 	/usr/lib/libxslt.1.dylib
0x0000000027e7a000 	/System/Library/Frameworks/Carbon.framework/Versions/A/Frameworks/Ink.framework/Versions/A/Ink
0x0000000027e7a000 	/System/Library/PrivateFrameworks/TextureIO.framework/Versions/A/TextureIO
0x0000000027e7a000 	/usr/lib/libate.dylib
0x0000000027e7a000 	/System/Library/PrivateFrameworks/CrashReporterSupport.framework/Versions/A/CrashReporterSupport
0x0000000027e7a000 	/System/Library/PrivateFrameworks/Sharing.framework/Versions/A/Sharing
0x0000000027e7a000 	/System/Library/PrivateFrameworks/AuthKit.framework/Versions/A/AuthKit
0x0000000027e7a000 	/System/Library/PrivateFrameworks/Apple80211.framework/Versions/A/Apple80211
0x0000000027e7a000 	/System/Library/PrivateFrameworks/CoreUtils.framework/Versions/A/CoreUtils
0x0000000027e7a000 	/System/Library/Frameworks/CoreWLAN.framework/Versions/A/CoreWLAN
0x0000000027e7a000 	/System/Library/Frameworks/IOBluetooth.framework/Versions/A/IOBluetooth
0x0000000027e7a000 	/System/Library/PrivateFrameworks/ProtocolBuffer.framework/Versions/A/ProtocolBuffer
0x0000000027e7a000 	/System/Library/PrivateFrameworks/MobileKeyBag.framework/Versions/A/MobileKeyBag
0x0000000027e7a000 	/System/Library/PrivateFrameworks/CorePhoneNumbers.framework/Versions/A/CorePhoneNumbers
0x0000000027e7a000 	/System/Library/PrivateFrameworks/AppleIDAuthSupport.framework/Versions/A/AppleIDAuthSupport
0x0000000027e7a000 	/System/Library/PrivateFrameworks/KeychainCircle.framework/Versions/A/KeychainCircle
0x0000000027e7a000 	/System/Library/PrivateFrameworks/ROCKit.framework/Versions/A/ROCKit
0x0000000027e7a000 	/System/Library/PrivateFrameworks/CoreWiFi.framework/Versions/A/CoreWiFi
0x0000000027e7a000 	/System/Library/Frameworks/CoreBluetooth.framework/Versions/A/CoreBluetooth
0x0000000027e7a000 	/System/Library/PrivateFrameworks/DebugSymbols.framework/Versions/A/DebugSymbols
0x0000000027e7a000 	/System/Library/PrivateFrameworks/CoreSymbolication.framework/Versions/A/CoreSymbolication
0x0000000027e7a000 	/System/Library/PrivateFrameworks/Symbolication.framework/Versions/A/Symbolication
0x0000000027e7a000 	/System/Library/PrivateFrameworks/SpeechRecognitionCore.framework/Versions/A/SpeechRecognitionCore
0x0000000101000000 	/Users/bramseyer/.sdkman/candidates/java/7.0.181-zulu/jre/lib/server/libjvm.dylib
0x0000000027e7a000 	/usr/lib/libstdc++.6.dylib
0x0000000100609000 	/Users/bramseyer/.sdkman/candidates/java/7.0.181-zulu/jre/lib/libverify.dylib
0x0000000100616000 	/Users/bramseyer/.sdkman/candidates/java/7.0.181-zulu/jre/lib/libjava.dylib
0x0000000100691000 	/Users/bramseyer/.sdkman/candidates/java/7.0.181-zulu/jre/lib/libzip.dylib
0x0000000027e7a000 	/System/Library/Frameworks/JavaVM.framework/Versions/A/Frameworks/JavaRuntimeSupport.framework/Versions/A/JavaRuntimeSupport
0x0000000027e7a000 	/System/Library/Frameworks/JavaVM.framework/Versions/A/Frameworks/JavaNativeFoundation.framework/Versions/A/JavaNativeFoundation
0x0000000027e7a000 	/System/Library/Frameworks/JavaVM.framework/Versions/A/JavaVM
0x0000000027e7a000 	/System/Library/Frameworks/Carbon.framework/Versions/A/Carbon
0x0000000027e7a000 	/System/Library/PrivateFrameworks/JavaLaunching.framework/Versions/A/JavaLaunching
0x0000000027e7a000 	/System/Library/Frameworks/Carbon.framework/Versions/A/Frameworks/CommonPanels.framework/Versions/A/CommonPanels
0x0000000027e7a000 	/System/Library/Frameworks/Carbon.framework/Versions/A/Frameworks/Help.framework/Versions/A/Help
0x0000000027e7a000 	/System/Library/Frameworks/Carbon.framework/Versions/A/Frameworks/ImageCapture.framework/Versions/A/ImageCapture
0x0000000027e7a000 	/System/Library/Frameworks/Carbon.framework/Versions/A/Frameworks/OpenScripting.framework/Versions/A/OpenScripting
0x0000000027e7a000 	/System/Library/Frameworks/Carbon.framework/Versions/A/Frameworks/Print.framework/Versions/A/Print
0x0000000027e7a000 	/System/Library/Frameworks/Carbon.framework/Versions/A/Frameworks/SecurityHI.framework/Versions/A/SecurityHI
0x000000010a6a7000 	/Users/bramseyer/.sdkman/candidates/java/7.0.181-zulu/jre/lib/libnio.dylib
0x000000010a6b6000 	/Users/bramseyer/.sdkman/candidates/java/7.0.181-zulu/jre/lib/./libnet.dylib
0x000000010aac6000 	/Users/bramseyer/.gradle/native/24/osx-amd64/libnative-platform.dylib
0x000000010a67b000 	/Users/bramseyer/.sdkman/candidates/java/7.0.181-zulu/jre/lib/libmanagement.dylib

VM Arguments:
jvm_args: -XX:MaxPermSize=256m -XX:+HeapDumpOnOutOfMemoryError -Xmx1024m -Dfile.encoding=US-ASCII -Duser.country=ES -Duser.language=es -Duser.variant 
java_command: org.gradle.launcher.daemon.bootstrap.GradleDaemon 3.4.1
Launcher Type: SUN_STANDARD

Environment Variables:
JAVA_HOME=/Users/bramseyer/.sdkman/candidates/java/current
PATH=/usr/local/opt/gettext/bin:/Users/bramseyer/.nvm/versions/node/v8.9.1/bin:/usr/local/bin:/usr/bin:/bin:/usr/sbin:/sbin:/usr/local/opt/gettext/bin:/Users/bramseyer/.nvm/versions/node/v8.9.1/bin:/Users/bramseyer/.sdkman/candidates/java/current/bin:/Users/bramseyer/.sdkman/candidates/grails/3.2.8/bin:/Users/bramseyer/go/bin:/usr/local/Cellar/go/1.11.5/libexec/bin:/Users/bramseyer/go/bin:/usr/local/Cellar/go/1.11.5/libexec/bin
SHELL=/bin/bash

Signal Handlers:
SIGSEGV: [libjvm.dylib+0x4fc1c5], sa_mask[0]=0xfffefeff, sa_flags=0x00000043
SIGBUS: [libjvm.dylib+0x4fc1c5], sa_mask[0]=0xfffefeff, sa_flags=0x00000042
SIGFPE: [libjvm.dylib+0x3fd9ed], sa_mask[0]=0xfffefeff, sa_flags=0x00000042
SIGPIPE: [libjvm.dylib+0x3fd9ed], sa_mask[0]=0xfffefeff, sa_flags=0x00000042
SIGXFSZ: [libjvm.dylib+0x3fd9ed], sa_mask[0]=0xfffefeff, sa_flags=0x00000042
SIGILL: [libjvm.dylib+0x3fd9ed], sa_mask[0]=0xfffefeff, sa_flags=0x00000042
SIGUSR1: SIG_DFL, sa_mask[0]=0x63807efb, sa_flags=0x00000000
SIGUSR2: [libjvm.dylib+0x400585], sa_mask[0]=0x00000004, sa_flags=0x00000042
SIGHUP: [libjvm.dylib+0x40073f], sa_mask[0]=0xfffefeff, sa_flags=0x00000042
SIGINT: [libjvm.dylib+0x40073f], sa_mask[0]=0xfffefeff, sa_flags=0x00000042
SIGTERM: [libjvm.dylib+0x40073f], sa_mask[0]=0xfffefeff, sa_flags=0x00000042
SIGQUIT: [libjvm.dylib+0x40073f], sa_mask[0]=0xfffefeff, sa_flags=0x00000042


---------------  S Y S T E M  ---------------

OS:Bsduname:Darwin 18.5.0 Darwin Kernel Version 18.5.0: Mon Mar 11 20:40:32 PDT 2019; root:xnu-4903.251.3~3/RELEASE_X86_64 x86_64
rlimit: STACK 8192k, CORE 0k, NPROC 1418, NOFILE 10240, AS infinity
load average:2.50 2.59 2.47

CPU:total 4 (initial active 4) (2 cores per cpu, 2 threads per core) family 6 model 142 stepping 9, cmov, cx8, fxsr, mmx, sse, sse2, sse3, ssse3, sse4.1, sse4.2, popcnt, avx, avx2, aes, erms, ht, tsc, tscinvbit

Memory: 4k page, physical 16777216k(4194304k free)

/proc/meminfo:


vm_info: OpenJDK 64-Bit Server VM (24.181-b01) for bsd-amd64 JRE (1.7.0_181-b01), built on Apr  4 2018 12:43:56 by "zulu_re" with gcc 4.2.1 (Apple Inc. build 5666) (dot 3)

time: Fri May 10 19:25:01 2019
elapsed time: 384 seconds

