#
# A fatal error has been detected by the Java Runtime Environment:
#
#  SIGSEGV (0xb) at pc=0x000000010abf2c3f, pid=99668, tid=18691
#
# JRE version: OpenJDK Runtime Environment (7.0_181-b01) (build 1.7.0_181-b01)
# Java VM: OpenJDK 64-Bit Server VM (24.181-b01 mixed mode bsd-amd64 compressed oops)
# Problematic frame:
# V  [libjvm.dylib+0x1f2c3f]
#
# Failed to write core dump. Core dumps have been disabled. To enable core dumping, try "ulimit -c unlimited" before starting Java again
#
# If you would like to submit a bug report, please visit:
#   http://www.azulsystems.com/support/
#

---------------  T H R E A D  ---------------

Current thread (0x00007f8734824000):  JavaThread "C2 CompilerThread1" daemon [_thread_in_vm, id=18691, stack(0x0000700005bb9000,0x0000700005cb9000)]

siginfo:si_signo=SIGSEGV: si_errno=0, si_code=1 (SEGV_MAPERR), si_addr=0x0000000000000024

Registers:
RAX=0x0000000000000000, RBX=0x0000700005cb4920, RCX=0x0000000000000003, RDX=0x00000007b24cce68
RSP=0x0000700005cb4520, RBP=0x0000700005cb45a0, RSI=0x000000000000001f, RDI=0x00000007b24ccb10
R8 =0x00000007b24cd008, R9 =0x0000000000000009, R10=0x00000000ffffffff, R11=0xfffffffffffffffc
R12=0x00000007b24c4008, R13=0x00000007b24c4018, R14=0x00000007b24c3208, R15=0x0000000000000000
RIP=0x000000010abf2c3f, EFLAGS=0x0000000000010206, ERR=0x0000000000000004
  TRAPNO=0x000000000000000e

Top of Stack: (sp=0x0000700005cb4520)
0x0000700005cb4520:   0000000000000000 0000000000000000
0x0000700005cb4530:   00000007b00cd538 0000000000000000
0x0000700005cb4540:   0000700005cb46c0 000000010ad8165d
0x0000700005cb4550:   00007f8700000001 0000000000000000
0x0000700005cb4560:   0000000000000000 010000010aae741b
0x0000700005cb4570:   00007f8733d115b0 0000700000000000
0x0000700005cb4580:   00000007b24c4008 00000007b24c4018
0x0000700005cb4590:   0000000000000000 0000700005cb4920
0x0000700005cb45a0:   0000700005cb4910 000000010abf154a
0x0000700005cb45b0:   0000700005cb4938 0000000005cb4ab0
0x0000700005cb45c0:   00000007b24c4018 0000700005cb4718
0x0000700005cb45d0:   0000700005cb4630 000000010aae90fd
0x0000700005cb45e0:   0000700005cb4620 0000700005cb46b8
0x0000700005cb45f0:   0000700005cb4630 0000000000000000
0x0000700005cb4600:   00007f8733d115c0 0000000000000000
0x0000700005cb4610:   0000000000000000 0000000000000000
0x0000700005cb4620:   0000700005cb46f0 000000010ad81283
0x0000700005cb4630:   00007f8733d115c8 00007f8733d115c0
0x0000700005cb4640:   00007f8733d115d0 00007f8733d115d8
0x0000700005cb4650:   0000700005cb46f0 000000010af1d71e
0x0000700005cb4660:   000000011142b2c0 000000011142db20
0x0000700005cb4670:   00007f8733d115c8 000000011142db20
0x0000700005cb4680:   0000700005cb49f0 09369de41405006f
0x0000700005cb4690:   00007f8733d11150 0000700005cb4840
0x0000700005cb46a0:   00007f8733d115c0 00007f8734824000
0x0000700005cb46b0:   00007f8733d115c0 00007fffb2910070
0x0000700005cb46c0:   0000700005cb4810 000000010ad816de
0x0000700005cb46d0:   00007f8733d115d8 00000000ffffffff
0x0000700005cb46e0:   0000700005cb4700 000000010acc1f9f
0x0000700005cb46f0:   0000700005cb4870 00007f8733d115d8
0x0000700005cb4700:   0000700005cb4710 000000010aea8ea5
0x0000700005cb4710:   0000700005cb4730 000000010abaf22a 

Instructions: (pc=0x000000010abf2c3f)
0x000000010abf2c1f:   80 31 d2 4c 89 e6 e8 6e 00 00 00 48 85 c0 74 1c
0x000000010abf2c2f:   48 8b 53 08 48 8d 78 10 48 8b 33 e8 6b e2 0a 00
0x000000010abf2c3f:   8b 40 24 a8 08 75 09 f6 c4 04 75 04 31 c0 eb 0e
0x000000010abf2c4f:   48 63 43 30 4c 89 74 c3 38 b8 01 00 00 00 48 8b 

Register to memory mapping:

RAX=0x0000000000000000 is an unknown value
RBX=0x0000700005cb4920 is pointing into the stack for thread: 0x00007f8734824000
RCX=0x0000000000000003 is an unknown value
RDX=0x00000007b24cce68 is pointing into object: 0x00000007b24cce60
[[I 
 - klass: 'java/lang/Object'[]
 - length: 9
RSP=0x0000700005cb4520 is pointing into the stack for thread: 0x00007f8734824000
RBP=0x0000700005cb45a0 is pointing into the stack for thread: 0x00007f8734824000
RSI=0x000000000000001f is an unknown value
RDI=0x00000007b24ccb10 is an oop
{constant pool} 
 - klass: {other class}
 - holder: 0x00000007b24cd750
 - cache: 0x0000000000000000
 -   1 :  : klass_index=13 name_and_type_index=56
 -   2 :  : klass_index=14 name_and_type_index=57
 -   3 :  : klass_index=13 name_and_type_index=58
 -   4 :  : klass_index=13 name_and_type_index=59
 -   5 :  : klass_index=60 name_and_type_index=61
 -   6 :  : klass_index=14 name_and_type_index=62
 -   7 :  : klass_index=60 name_and_type_index=63
 -   8 :  : klass_index=14 name_and_type_index=64
 -   9 :  : klass_index=13 name_and_type_index=64
 -  10 :  : klass_index=14 name_and_type_index=65
 -  11 :  : klass_index=14 name_and_type_index=66
 -  12 :  : klass_index=14 name_and_type_index=67
 -  13 :  : 'com/google/common/collect/ImmutableList$SubList'
 -  14 :  : 'com/google/common/collect/ImmutableList'
 -  15 :  : 'offset'
 -  16 :  : 'I'
 -  17 :  : 'length'
 -  18 :  : 'this$0'
 -  19 :  : 'Lcom/google/common/collect/ImmutableList;'
 -  20 :  : '<init>'
 -  21 :  : '(Lcom/google/common/collect/ImmutableList;II)V'
 -  22 :  : 'Code'
 -  23 :  : 'LineNumberTable'
 -  24 :  : 'LocalVariableTable'
 -  25 :  : 'this'
 -  26 :  : 'SubList'
 -  27 :  : 'InnerClasses'
 -  28 :  : 'Lcom/google/common/collect/ImmutableList$SubList;'
 -  29 :  : 'LocalVariableTypeTable'
 -  30 :  : 'Lcom/google/common/collect/ImmutableList<TE;>.SubList;'
 -  31 :  : 'size'
 -  32 :  : '()I'
 -  33 :  : 'get'
 -  34 :  : '(I)Ljava/lang/Object;'
 -  35 :  : 'index'
 -  36 :  : 'Signature'
 -  37 :  : '(I)TE;'
 -  38 :  : 'subList'
 -  39 :  : '(II)Lcom/google/common/collect/ImmutableList;'
 -  40 :  : 'fromIndex'
 -  41 :  : 'toIndex'
 -  42 :  : '(II)Lcom/google/common/collect/ImmutableList<TE;>;'
 -  43 :  : 'isPartialView'
 -  44 :  : '()Z'
 -  45 :  : '(II)Ljava/util/List;'
 -  46 :  : 'x0'
 -  47 :  : 'x1'
 -  48 :  : 'listIterator'
 -  49 :  : '(I)Ljava/util/ListIterator;'
 -  50 :  : '()Ljava/util/ListIterator;'
 -  51 :  : 'iterator'
 -  52 :  : '()Ljava/util/Iterator;'
 -  53 :  : 'Lcom/google/common/collect/ImmutableList<TE;>;'
 -  54 :  : 'SourceFile'
 -  55 :  : 'ImmutableList.java'
 -  56 :  : name_index=18 signature_index=19
 -  57 :  : name_index=20 signature_index=70
 -  58 :  : name_index=15 signature_index=16
 -  59 :  : name_index=17 signature_index=16
 -  60 :  : 'com/google/common/base/Preconditions'
 -  61 :  : name_index=72 signature_index=73
 -  62 :  : name_index=33 signature_index=34
 -  63 :  : name_index=74 signature_index=75
 -  64 :  : name_index=38 signature_index=39
 -  65 :  : name_index=48 signature_index=76
 -  66 :  : name_index=48 signature_index=77
 -  67 :  : name_index=51 signature_index=78
 -  68 :  : 'com/google/common/collect/ImmutableList$SubList'
 -  69 :  : 'com/google/common/collect/ImmutableList'
 -  70 :  : '()V'
 -  71 :  : 'com/google/common/base/Preconditions'
 -  72 :  : 'checkElementIndex'
 -  73 :  : '(II)I'
 -  74 :  : 'checkPositionIndexes'
 -  75 :  : '(III)V'
 -  76 :  : '(I)Lcom/google/common/collect/UnmodifiableListIterator;'
 -  77 :  : '()Lcom/google/common/collect/UnmodifiableListIterator;'
 -  78 :  : '()Lcom/google/common/collect/UnmodifiableIterator;'

R8 =0x00000007b24cd008 is an oop
{method} 
 - klass: {other class}
R9 =0x0000000000000009 is an unknown value
R10=0x00000000ffffffff is an unknown value
R11=0xfffffffffffffffc is an unknown value
R12=0x00000007b24c4008 is an oop
{instance class} 
 - klass: {other class}
R13=0x00000007b24c4018 is pointing into object: 0x00000007b24c4008
{instance class} 
 - klass: {other class}
R14=0x00000007b24c3208 is an oop
{method} 
 - klass: {other class}
R15=0x0000000000000000 is an unknown value


Stack: [0x0000700005bb9000,0x0000700005cb9000],  sp=0x0000700005cb4520,  free space=1005k
Native frames: (J=compiled Java code, j=interpreted, Vv=VM code, C=native code)
V  [libjvm.dylib+0x1f2c3f]
V  [libjvm.dylib+0x1f154a]
V  [libjvm.dylib+0x1f1821]
V  [libjvm.dylib+0x176bf4]
V  [libjvm.dylib+0xe94c9]
V  [libjvm.dylib+0xe800d]
V  [libjvm.dylib+0xe89bc]
V  [libjvm.dylib+0xe8b7d]
V  [libjvm.dylib+0xe8dc8]
V  [libjvm.dylib+0xe90f4]
V  [libjvm.dylib+0x175893]
V  [libjvm.dylib+0x2393fd]
V  [libjvm.dylib+0x23b0c1]
V  [libjvm.dylib+0x23b3a3]
V  [libjvm.dylib+0x1b5831]
V  [libjvm.dylib+0x1b67a9]
V  [libjvm.dylib+0x15da7e]
V  [libjvm.dylib+0x1ba33c]
V  [libjvm.dylib+0x1baa65]
V  [libjvm.dylib+0x4cc98e]
V  [libjvm.dylib+0x4ccb9e]
V  [libjvm.dylib+0x400a88]
C  [libsystem_pthread.dylib+0x32eb]  _pthread_body+0x7e
C  [libsystem_pthread.dylib+0x6249]  _pthread_start+0x42
C  [libsystem_pthread.dylib+0x240d]  thread_start+0xd


Current CompileTask:
C2: 209791 1195             org.gradle.api.internal.artifacts.ivyservice.resolveengine.excludes.ModuleExclusions::maybeMergeIntoUnion (207 bytes)


---------------  P R O C E S S  ---------------

Java Threads: ( => current thread )
  0x00007f873717f800 JavaThread "Stdin handler" [_thread_blocked, id=22443, stack(0x00007000065d7000,0x00007000066d7000)]
  0x00007f8734cfa800 JavaThread "Asynchronous log dispatcher for DefaultDaemonConnection: socket connection from /0:0:0:0:0:0:0:1:55975 to /0:0:0:0:0:0:0:1:58532" [_thread_blocked, id=43307, stack(0x00007000064d4000,0x00007000065d4000)]
  0x00007f873780b000 JavaThread "Cancel handler" [_thread_blocked, id=17331, stack(0x00007000062ce000,0x00007000063ce000)]
  0x00007f87358fa000 JavaThread "Handler for socket connection from /0:0:0:0:0:0:0:1:55975 to /0:0:0:0:0:0:0:1:58532" [_thread_in_native, id=21775, stack(0x00007000061cb000,0x00007000062cb000)]
  0x00007f873780d000 JavaThread "Daemon worker Thread 2" [_thread_in_Java, id=16435, stack(0x00007000063d1000,0x00007000064d1000)]
  0x00007f8737800800 JavaThread "Daemon Thread 2" [_thread_blocked, id=15903, stack(0x00007000060c8000,0x00007000061c8000)]
  0x00007f8735adf000 JavaThread "Memory manager" [_thread_blocked, id=42247, stack(0x000070000690b000,0x0000700006a0b000)]
  0x00007f87343ef800 JavaThread "process reaper" daemon [_thread_blocked, id=42755, stack(0x00007000068e0000,0x0000700006908000)]
  0x00007f8734173800 JavaThread "File lock request listener" [_thread_in_native, id=22787, stack(0x00007000067dd000,0x00007000068dd000)]
  0x00007f87358fc000 JavaThread "Cache worker for file hash cache (/Users/bramseyer/.gradle/caches/3.4.1/fileHashes)" [_thread_blocked, id=22531, stack(0x00007000066da000,0x00007000067da000)]
  0x00007f87351a0800 JavaThread "Daemon periodic checks" [_thread_blocked, id=15619, stack(0x0000700005fc5000,0x00007000060c5000)]
  0x00007f8734c30800 JavaThread "Incoming local TCP Connector on port 55975" [_thread_in_native, id=15107, stack(0x0000700005ec2000,0x0000700005fc2000)]
  0x00007f8734824800 JavaThread "Service Thread" daemon [_thread_blocked, id=18435, stack(0x0000700005cbc000,0x0000700005dbc000)]
=>0x00007f8734824000 JavaThread "C2 CompilerThread1" daemon [_thread_in_vm, id=18691, stack(0x0000700005bb9000,0x0000700005cb9000)]
  0x00007f8734822000 JavaThread "C2 CompilerThread0" daemon [_thread_blocked, id=13827, stack(0x0000700005ab6000,0x0000700005bb6000)]
  0x00007f873481a800 JavaThread "Signal Dispatcher" daemon [_thread_blocked, id=18947, stack(0x00007000059b3000,0x0000700005ab3000)]
  0x00007f8734803800 JavaThread "Finalizer" daemon [_thread_blocked, id=20483, stack(0x00007000058b0000,0x00007000059b0000)]
  0x00007f8734042000 JavaThread "Reference Handler" daemon [_thread_blocked, id=12035, stack(0x00007000057ad000,0x00007000058ad000)]
  0x00007f8734009800 JavaThread "main" [_thread_blocked, id=6659, stack(0x000070000519b000,0x000070000529b000)]

Other Threads:
  0x00007f8735009800 VMThread [stack: 0x00007000056aa000,0x00007000057aa000] [id=21251]
  0x00007f873481b800 WatcherThread [stack: 0x0000700005dbf000,0x0000700005ebf000] [id=18179]

VM state:not at safepoint (normal execution)

VM Mutex/Monitor currently owned by a thread:  ([mutex/lock_event])
[0x00007f8733c12bd0] Compile_lock - owner thread: 0x00007f8734824000
[0x00007f8733c12cd0] MethodCompileQueue_lock - owner thread: 0x00007f8734822000

Heap
 PSYoungGen      total 265728K, used 90462K [0x00000007eaa80000, 0x00000007fed00000, 0x0000000800000000)
  eden space 253952K, 31% used [0x00000007eaa80000,0x00000007ef762b30,0x00000007fa280000)
  from space 11776K, 99% used [0x00000007fe180000,0x00000007fecf5030,0x00000007fed00000)
  to   space 30208K, 0% used [0x00000007fb200000,0x00000007fb200000,0x00000007fcf80000)
 ParOldGen       total 174592K, used 34231K [0x00000007c0000000, 0x00000007caa80000, 0x00000007eaa80000)
  object space 174592K, 19% used [0x00000007c0000000,0x00000007c216dd70,0x00000007caa80000)
 PSPermGen       total 39936K, used 39567K [0x00000007b0000000, 0x00000007b2700000, 0x00000007c0000000)
  object space 39936K, 99% used [0x00000007b0000000,0x00000007b26a3c88,0x00000007b2700000)

Card table byte_map: [0x000000010e50f000,0x000000010e790000] byte_map_base: 0x000000010a78f000

Polling page: 0x000000010a1e7000

Code Cache  [0x000000010b44f000, 0x000000010b8af000, 0x000000010e44f000)
 total_blobs=1679 nmethods=1072 adapters=558 free_code_cache=44794Kb largest_free_block=45806272

Compilation events (10 events):
Event: 209.689 Thread 0x00007f8734824000 nmethod 1190 0x000000010b88e8d0 code [0x000000010b88eac0, 0x000000010b88f308]
Event: 209.703 Thread 0x00007f8734822000 nmethod 1178 0x000000010b897090 code [0x000000010b897640, 0x000000010b89b280]
Event: 209.719 Thread 0x00007f8734824000 1191             java.util.regex.Matcher::matches (10 bytes)
Event: 209.720 Thread 0x00007f8734824000 nmethod 1191 0x000000010b87c950 code [0x000000010b87caa0, 0x000000010b87cc38]
Event: 209.726 Thread 0x00007f8734822000 1192             org.gradle.internal.metaobject.AbstractDynamicObject::getProperty (32 bytes)
Event: 209.730 Thread 0x00007f8734822000 nmethod 1192 0x000000010b87f1d0 code [0x000000010b87f360, 0x000000010b87f738]
Event: 209.738 Thread 0x00007f8734824000 1193             com.google.common.collect.AbstractIndexedListIterator::<init> (21 bytes)
Event: 209.738 Thread 0x00007f8734824000 nmethod 1193 0x000000010b886e90 code [0x000000010b886fe0, 0x000000010b887098]
Event: 209.765 Thread 0x00007f8734822000 1194             org.gradle.api.internal.artifacts.ivyservice.resolveengine.graph.DependencyGraphBuilder$ConfigurationNode::getModuleResolutionFilter (86 bytes)
Event: 209.766 Thread 0x00007f8734824000 1195             org.gradle.api.internal.artifacts.ivyservice.resolveengine.excludes.ModuleExclusions::maybeMergeIntoUnion (207 bytes)

GC Heap History (10 events):
Event: 1.771 GC heap before
{Heap before GC invocations=2 (full 0):
 PSYoungGen      total 76800K, used 73211K [0x00000007eaa80000, 0x00000007f4080000, 0x0000000800000000)
  eden space 66048K, 100% used [0x00000007eaa80000,0x00000007eeb00000,0x00000007eeb00000)
  from space 10752K, 66% used [0x00000007eeb00000,0x00000007ef1fef30,0x00000007ef580000)
  to   space 10752K, 0% used [0x00000007f3600000,0x00000007f3600000,0x00000007f4080000)
 ParOldGen       total 174592K, used 8K [0x00000007c0000000, 0x00000007caa80000, 0x00000007eaa80000)
  object space 174592K, 0% used [0x00000007c0000000,0x00000007c0002000,0x00000007caa80000)
 PSPermGen       total 21504K, used 20122K [0x00000007b0000000, 0x00000007b1500000, 0x00000007c0000000)
  object space 21504K, 93% used [0x00000007b0000000,0x00000007b13a69b0,0x00000007b1500000)
Event: 1.786 GC heap after
Heap after GC invocations=2 (full 0):
 PSYoungGen      total 142848K, used 10726K [0x00000007eaa80000, 0x00000007f4080000, 0x0000000800000000)
  eden space 132096K, 0% used [0x00000007eaa80000,0x00000007eaa80000,0x00000007f2b80000)
  from space 10752K, 99% used [0x00000007f3600000,0x00000007f4079860,0x00000007f4080000)
  to   space 10752K, 0% used [0x00000007f2b80000,0x00000007f2b80000,0x00000007f3600000)
 ParOldGen       total 174592K, used 1564K [0x00000007c0000000, 0x00000007caa80000, 0x00000007eaa80000)
  object space 174592K, 0% used [0x00000007c0000000,0x00000007c0187258,0x00000007caa80000)
 PSPermGen       total 21504K, used 20122K [0x00000007b0000000, 0x00000007b1500000, 0x00000007c0000000)
  object space 21504K, 93% used [0x00000007b0000000,0x00000007b13a69b0,0x00000007b1500000)
}
Event: 3.347 GC heap before
{Heap before GC invocations=3 (full 0):
 PSYoungGen      total 142848K, used 142822K [0x00000007eaa80000, 0x00000007f4080000, 0x0000000800000000)
  eden space 132096K, 100% used [0x00000007eaa80000,0x00000007f2b80000,0x00000007f2b80000)
  from space 10752K, 99% used [0x00000007f3600000,0x00000007f4079860,0x00000007f4080000)
  to   space 10752K, 0% used [0x00000007f2b80000,0x00000007f2b80000,0x00000007f3600000)
 ParOldGen       total 174592K, used 1564K [0x00000007c0000000, 0x00000007caa80000, 0x00000007eaa80000)
  object space 174592K, 0% used [0x00000007c0000000,0x00000007c0187258,0x00000007caa80000)
 PSPermGen       total 29184K, used 29097K [0x00000007b0000000, 0x00000007b1c80000, 0x00000007c0000000)
  object space 29184K, 99% used [0x00000007b0000000,0x00000007b1c6a5e8,0x00000007b1c80000)
Event: 3.370 GC heap after
Heap after GC invocations=3 (full 0):
 PSYoungGen      total 142848K, used 10720K [0x00000007eaa80000, 0x00000007fc180000, 0x0000000800000000)
  eden space 132096K, 0% used [0x00000007eaa80000,0x00000007eaa80000,0x00000007f2b80000)
  from space 10752K, 99% used [0x00000007f2b80000,0x00000007f35f8280,0x00000007f3600000)
  to   space 10752K, 0% used [0x00000007fb700000,0x00000007fb700000,0x00000007fc180000)
 ParOldGen       total 174592K, used 8970K [0x00000007c0000000, 0x00000007caa80000, 0x00000007eaa80000)
  object space 174592K, 5% used [0x00000007c0000000,0x00000007c08c2870,0x00000007caa80000)
 PSPermGen       total 29184K, used 29097K [0x00000007b0000000, 0x00000007b1c80000, 0x00000007c0000000)
  object space 29184K, 99% used [0x00000007b0000000,0x00000007b1c6a5e8,0x00000007b1c80000)
}
Event: 4.491 GC heap before
{Heap before GC invocations=4 (full 0):
 PSYoungGen      total 142848K, used 142816K [0x00000007eaa80000, 0x00000007fc180000, 0x0000000800000000)
  eden space 132096K, 100% used [0x00000007eaa80000,0x00000007f2b80000,0x00000007f2b80000)
  from space 10752K, 99% used [0x00000007f2b80000,0x00000007f35f8280,0x00000007f3600000)
  to   space 10752K, 0% used [0x00000007fb700000,0x00000007fb700000,0x00000007fc180000)
 ParOldGen       total 174592K, used 8970K [0x00000007c0000000, 0x00000007caa80000, 0x00000007eaa80000)
  object space 174592K, 5% used [0x00000007c0000000,0x00000007c08c2870,0x00000007caa80000)
 PSPermGen       total 33792K, used 33672K [0x00000007b0000000, 0x00000007b2100000, 0x00000007c0000000)
  object space 33792K, 99% used [0x00000007b0000000,0x00000007b20e2300,0x00000007b2100000)
Event: 4.512 GC heap after
Heap after GC invocations=4 (full 0):
 PSYoungGen      total 274944K, used 10740K [0x00000007eaa80000, 0x00000007fc180000, 0x0000000800000000)
  eden space 264192K, 0% used [0x00000007eaa80000,0x00000007eaa80000,0x00000007fac80000)
  from space 10752K, 99% used [0x00000007fb700000,0x00000007fc17d030,0x00000007fc180000)
  to   space 10752K, 0% used [0x00000007fac80000,0x00000007fac80000,0x00000007fb700000)
 ParOldGen       total 174592K, used 19419K [0x00000007c0000000, 0x00000007caa80000, 0x00000007eaa80000)
  object space 174592K, 11% used [0x00000007c0000000,0x00000007c12f6e40,0x00000007caa80000)
 PSPermGen       total 33792K, used 33672K [0x00000007b0000000, 0x00000007b2100000, 0x00000007c0000000)
  object space 33792K, 99% used [0x00000007b0000000,0x00000007b20e2300,0x00000007b2100000)
}
Event: 68.331 GC heap before
{Heap before GC invocations=5 (full 0):
 PSYoungGen      total 274944K, used 274932K [0x00000007eaa80000, 0x00000007fc180000, 0x0000000800000000)
  eden space 264192K, 100% used [0x00000007eaa80000,0x00000007fac80000,0x00000007fac80000)
  from space 10752K, 99% used [0x00000007fb700000,0x00000007fc17d030,0x00000007fc180000)
  to   space 10752K, 0% used [0x00000007fac80000,0x00000007fac80000,0x00000007fb700000)
 ParOldGen       total 174592K, used 19419K [0x00000007c0000000, 0x00000007caa80000, 0x00000007eaa80000)
  object space 174592K, 11% used [0x00000007c0000000,0x00000007c12f6e40,0x00000007caa80000)
 PSPermGen       total 38912K, used 38875K [0x00000007b0000000, 0x00000007b2600000, 0x00000007c0000000)
  object space 38912K, 99% used [0x00000007b0000000,0x00000007b25f6f08,0x00000007b2600000)
Event: 68.361 GC heap after
Heap after GC invocations=5 (full 0):
 PSYoungGen      total 274944K, used 10752K [0x00000007eaa80000, 0x0000000800000000, 0x0000000800000000)
  eden space 264192K, 0% used [0x00000007eaa80000,0x00000007eaa80000,0x00000007fac80000)
  from space 10752K, 100% used [0x00000007fac80000,0x00000007fb700000,0x00000007fb700000)
  to   space 31232K, 0% used [0x00000007fe180000,0x00000007fe180000,0x0000000800000000)
 ParOldGen       total 174592K, used 34231K [0x00000007c0000000, 0x00000007caa80000, 0x00000007eaa80000)
  object space 174592K, 19% used [0x00000007c0000000,0x00000007c216dd70,0x00000007caa80000)
 PSPermGen       total 38912K, used 38875K [0x00000007b0000000, 0x00000007b2600000, 0x00000007c0000000)
  object space 38912K, 99% used [0x00000007b0000000,0x00000007b25f6f08,0x00000007b2600000)
}
Event: 153.326 GC heap before
{Heap before GC invocations=6 (full 0):
 PSYoungGen      total 274944K, used 274944K [0x00000007eaa80000, 0x0000000800000000, 0x0000000800000000)
  eden space 264192K, 100% used [0x00000007eaa80000,0x00000007fac80000,0x00000007fac80000)
  from space 10752K, 100% used [0x00000007fac80000,0x00000007fb700000,0x00000007fb700000)
  to   space 31232K, 0% used [0x00000007fe180000,0x00000007fe180000,0x0000000800000000)
 ParOldGen       total 174592K, used 34231K [0x00000007c0000000, 0x00000007caa80000, 0x00000007eaa80000)
  object space 174592K, 19% used [0x00000007c0000000,0x00000007c216dd70,0x00000007caa80000)
 PSPermGen       total 39936K, used 39532K [0x00000007b0000000, 0x00000007b2700000, 0x00000007c0000000)
  object space 39936K, 98% used [0x00000007b0000000,0x00000007b269b218,0x00000007b2700000)
Event: 153.354 GC heap after
Heap after GC invocations=6 (full 0):
 PSYoungGen      total 265728K, used 11732K [0x00000007eaa80000, 0x00000007fed00000, 0x0000000800000000)
  eden space 253952K, 0% used [0x00000007eaa80000,0x00000007eaa80000,0x00000007fa280000)
  from space 11776K, 99% used [0x00000007fe180000,0x00000007fecf5030,0x00000007fed00000)
  to   space 30208K, 0% used [0x00000007fb200000,0x00000007fb200000,0x00000007fcf80000)
 ParOldGen       total 174592K, used 34231K [0x00000007c0000000, 0x00000007caa80000, 0x00000007eaa80000)
  object space 174592K, 19% used [0x00000007c0000000,0x00000007c216dd70,0x00000007caa80000)
 PSPermGen       total 39936K, used 39532K [0x00000007b0000000, 0x00000007b2700000, 0x00000007c0000000)
  object space 39936K, 98% used [0x00000007b0000000,0x00000007b269b218,0x00000007b2700000)
}

Deoptimization events (10 events):
Event: 128.075 Thread 0x00007f873780d000 Uncommon trap: reason=class_check action=maybe_recompile pc=0x000000010b80e7e4 method=org.codehaus.groovy.runtime.metaclass.ClosureMetaClass.invokeMethod(Ljava/lang/Class;Ljava/lang/Object;Ljava/lang/String;[Ljava/lang/Object;ZZ)Ljava/lang/Object; @ 405
Event: 128.075 Thread 0x00007f873780d000 Uncommon trap: reason=class_check action=maybe_recompile pc=0x000000010b80e7e4 method=org.codehaus.groovy.runtime.metaclass.ClosureMetaClass.invokeMethod(Ljava/lang/Class;Ljava/lang/Object;Ljava/lang/String;[Ljava/lang/Object;ZZ)Ljava/lang/Object; @ 405
Event: 128.080 Thread 0x00007f873780d000 Uncommon trap: reason=class_check action=maybe_recompile pc=0x000000010b80e7e4 method=org.codehaus.groovy.runtime.metaclass.ClosureMetaClass.invokeMethod(Ljava/lang/Class;Ljava/lang/Object;Ljava/lang/String;[Ljava/lang/Object;ZZ)Ljava/lang/Object; @ 405
Event: 129.819 Thread 0x00007f873780d000 Uncommon trap: reason=class_check action=maybe_recompile pc=0x000000010b65e6b0 method=java.lang.Throwable.<init>(Ljava/lang/Throwable;)V @ 24
Event: 129.819 Thread 0x00007f873780d000 Uncommon trap: reason=class_check action=maybe_recompile pc=0x000000010b65fad0 method=java.lang.Throwable.<init>(Ljava/lang/String;Ljava/lang/Throwable;)V @ 24
Event: 151.330 Thread 0x00007f873780d000 Uncommon trap: reason=class_check action=maybe_recompile pc=0x000000010b80e7e4 method=org.codehaus.groovy.runtime.metaclass.ClosureMetaClass.invokeMethod(Ljava/lang/Class;Ljava/lang/Object;Ljava/lang/String;[Ljava/lang/Object;ZZ)Ljava/lang/Object; @ 405
Event: 151.355 Thread 0x00007f873780d000 Uncommon trap: reason=null_check action=make_not_entrant pc=0x000000010b832d64 method=org.codehaus.groovy.runtime.typehandling.DefaultTypeTransformation.castToType(Ljava/lang/Object;Ljava/lang/Class;)Ljava/lang/Object; @ 28
Event: 151.361 Thread 0x00007f873780d000 Uncommon trap: reason=unstable_if action=reinterpret pc=0x000000010b84520c method=org.gradle.api.internal.artifacts.ivyservice.resolveengine.graph.DependencyGraphBuilder$DependencyEdge.isTransitive()Z @ 19
Event: 152.956 Thread 0x00007f873780d000 Uncommon trap: reason=class_check action=maybe_recompile pc=0x000000010b65fad0 method=java.lang.Throwable.<init>(Ljava/lang/String;Ljava/lang/Throwable;)V @ 24
Event: 209.594 Thread 0x00007f873780d000 Uncommon trap: reason=null_check action=make_not_entrant pc=0x000000010b859134 method=java.lang.Class.isEnum()Z @ 1

Internal exceptions (10 events):
Event: 98.056 Thread 0x00007f873780d000 Threw 0x00000007efb212a0 at /Users/tester/jenkins/workspace/zulu7u-silver-build-macos/zulu-src/hotspot/src/share/vm/runtime/reflection.cpp:1030
Event: 128.105 Thread 0x00007f873780d000 Threw 0x00000007f2e62a08 at /Users/tester/jenkins/workspace/zulu7u-silver-build-macos/zulu-src/hotspot/src/share/vm/prims/jvm.cpp:1360
Event: 128.300 Thread 0x00007f873780d000 Threw 0x00000007f3c58c20 at /Users/tester/jenkins/workspace/zulu7u-silver-build-macos/zulu-src/hotspot/src/share/vm/prims/jvm.cpp:1360
Event: 128.300 Thread 0x00007f873780d000 Threw 0x00000007f3c59fe8 at /Users/tester/jenkins/workspace/zulu7u-silver-build-macos/zulu-src/hotspot/src/share/vm/prims/jvm.cpp:1360
Event: 129.819 Thread 0x00007f873780d000 Threw 0x00000007f4fda958 at /Users/tester/jenkins/workspace/zulu7u-silver-build-macos/zulu-src/hotspot/src/share/vm/runtime/reflection.cpp:1030
Event: 151.355 Thread 0x00007f873780d000 Implicit null exception at 0x000000010b832839 to 0x000000010b832d51
Event: 151.356 Thread 0x00007f873780d000 Threw 0x00000007f7e693c0 at /Users/tester/jenkins/workspace/zulu7u-silver-build-macos/zulu-src/hotspot/src/share/vm/prims/jvm.cpp:1360
Event: 152.956 Thread 0x00007f873780d000 Threw 0x00000007f9e2b920 at /Users/tester/jenkins/workspace/zulu7u-silver-build-macos/zulu-src/hotspot/src/share/vm/runtime/reflection.cpp:1030
Event: 209.594 Thread 0x00007f873780d000 Implicit null exception at 0x000000010b858c5f to 0x000000010b85911d
Event: 209.594 Thread 0x00007f873780d000 Threw 0x00000007ee34ccd8 at /Users/tester/jenkins/workspace/zulu7u-silver-build-macos/zulu-src/hotspot/src/share/vm/prims/jvm.cpp:1360

Events (10 events):
Event: 209.382 Executing VM operation: RevokeBias
Event: 209.382 Executing VM operation: RevokeBias done
Event: 209.415 Thread 0x00007f873780b000 Thread added: 0x00007f873780b000
Event: 209.426 Thread 0x00007f8734cfa800 Thread added: 0x00007f8734cfa800
Event: 209.427 Thread 0x00007f873717f800 Thread added: 0x00007f873717f800
Event: 209.427 Thread 0x00007f8734824000 flushing nmethod 0x000000010b733250
Event: 209.453 Thread 0x00007f8734822000 flushing nmethod 0x000000010b800990
Event: 209.594 Thread 0x00007f873780d000 Uncommon trap: trap_request=0xfffffff4 fr.pc=0x000000010b859134
Event: 209.594 Thread 0x00007f873780d000 DEOPT PACKING pc=0x000000010b859134 sp=0x00007000064cd130
Event: 209.594 Thread 0x00007f873780d000 DEOPT UNPACKING pc=0x000000010b488045 sp=0x00007000064cd0b8 mode 2


Dynamic libraries:
0x0000000027e7a000 	/System/Library/Frameworks/Cocoa.framework/Versions/A/Cocoa
0x0000000027e7a000 	/System/Library/Frameworks/Security.framework/Versions/A/Security
0x0000000027e7a000 	/System/Library/Frameworks/ApplicationServices.framework/Versions/A/ApplicationServices
0x0000000027e7a000 	/usr/lib/libz.1.dylib
0x0000000027e7a000 	/usr/lib/libSystem.B.dylib
0x0000000027e7a000 	/usr/lib/libobjc.A.dylib
0x0000000027e7a000 	/System/Library/Frameworks/CoreFoundation.framework/Versions/A/CoreFoundation
0x0000000027e7a000 	/System/Library/Frameworks/Foundation.framework/Versions/C/Foundation
0x0000000027e7a000 	/System/Library/Frameworks/AppKit.framework/Versions/C/AppKit
0x0000000027e7a000 	/System/Library/Frameworks/CoreData.framework/Versions/A/CoreData
0x0000000027e7a000 	/System/Library/PrivateFrameworks/RemoteViewServices.framework/Versions/A/RemoteViewServices
0x0000000027e7a000 	/System/Library/PrivateFrameworks/UIFoundation.framework/Versions/A/UIFoundation
0x0000000027e7a000 	/System/Library/PrivateFrameworks/XCTTargetBootstrap.framework/Versions/A/XCTTargetBootstrap
0x0000000027e7a000 	/System/Library/PrivateFrameworks/IconServices.framework/Versions/A/IconServices
0x0000000027e7a000 	/System/Library/Frameworks/Metal.framework/Versions/A/Metal
0x0000000027e7a000 	/System/Library/PrivateFrameworks/DesktopServicesPriv.framework/Versions/A/DesktopServicesPriv
0x0000000027e7a000 	/usr/lib/libenergytrace.dylib
0x0000000027e7a000 	/System/Library/PrivateFrameworks/SkyLight.framework/Versions/A/SkyLight
0x0000000027e7a000 	/System/Library/Frameworks/CoreGraphics.framework/Versions/A/CoreGraphics
0x0000000027e7a000 	/System/Library/Frameworks/Accelerate.framework/Versions/A/Accelerate
0x0000000027e7a000 	/System/Library/Frameworks/IOSurface.framework/Versions/A/IOSurface
0x0000000027e7a000 	/System/Library/PrivateFrameworks/DFRFoundation.framework/Versions/A/DFRFoundation
0x0000000027e7a000 	/System/Library/Frameworks/AudioToolbox.framework/Versions/A/AudioToolbox
0x0000000027e7a000 	/System/Library/Frameworks/AudioUnit.framework/Versions/A/AudioUnit
0x0000000027e7a000 	/System/Library/PrivateFrameworks/DataDetectorsCore.framework/Versions/A/DataDetectorsCore
0x0000000027e7a000 	/System/Library/Frameworks/Carbon.framework/Versions/A/Frameworks/HIToolbox.framework/Versions/A/HIToolbox
0x0000000027e7a000 	/usr/lib/libicucore.A.dylib
0x0000000027e7a000 	/System/Library/Frameworks/QuartzCore.framework/Versions/A/QuartzCore
0x0000000027e7a000 	/System/Library/Frameworks/Carbon.framework/Versions/A/Frameworks/SpeechRecognition.framework/Versions/A/SpeechRecognition
0x0000000027e7a000 	/usr/lib/libauto.dylib
0x0000000027e7a000 	/usr/lib/libxml2.2.dylib
0x0000000027e7a000 	/System/Library/PrivateFrameworks/CoreUI.framework/Versions/A/CoreUI
0x0000000027e7a000 	/System/Library/Frameworks/CoreAudio.framework/Versions/A/CoreAudio
0x0000000027e7a000 	/System/Library/Frameworks/DiskArbitration.framework/Versions/A/DiskArbitration
0x0000000027e7a000 	/usr/lib/liblangid.dylib
0x0000000027e7a000 	/System/Library/PrivateFrameworks/MultitouchSupport.framework/Versions/A/MultitouchSupport
0x0000000027e7a000 	/System/Library/Frameworks/IOKit.framework/Versions/A/IOKit
0x0000000027e7a000 	/usr/lib/libDiagnosticMessagesClient.dylib
0x0000000027e7a000 	/System/Library/Frameworks/CoreServices.framework/Versions/A/CoreServices
0x0000000027e7a000 	/System/Library/PrivateFrameworks/PerformanceAnalysis.framework/Versions/A/PerformanceAnalysis
0x0000000027e7a000 	/System/Library/Frameworks/OpenGL.framework/Versions/A/OpenGL
0x0000000027e7a000 	/System/Library/Frameworks/ColorSync.framework/Versions/A/ColorSync
0x0000000027e7a000 	/System/Library/Frameworks/CoreImage.framework/Versions/A/CoreImage
0x0000000027e7a000 	/System/Library/Frameworks/CoreText.framework/Versions/A/CoreText
0x0000000027e7a000 	/System/Library/Frameworks/ImageIO.framework/Versions/A/ImageIO
0x0000000027e7a000 	/System/Library/PrivateFrameworks/Backup.framework/Versions/A/Backup
0x0000000027e7a000 	/usr/lib/libarchive.2.dylib
0x0000000027e7a000 	/System/Library/Frameworks/CFNetwork.framework/Versions/A/CFNetwork
0x0000000027e7a000 	/System/Library/Frameworks/SystemConfiguration.framework/Versions/A/SystemConfiguration
0x0000000027e7a000 	/usr/lib/libCRFSuite.dylib
0x0000000027e7a000 	/usr/lib/libc++.1.dylib
0x0000000027e7a000 	/usr/lib/libc++abi.dylib
0x0000000027e7a000 	/usr/lib/system/libcache.dylib
0x0000000027e7a000 	/usr/lib/system/libcommonCrypto.dylib
0x0000000027e7a000 	/usr/lib/system/libcompiler_rt.dylib
0x0000000027e7a000 	/usr/lib/system/libcopyfile.dylib
0x0000000027e7a000 	/usr/lib/system/libcorecrypto.dylib
0x0000000027e7a000 	/usr/lib/system/libdispatch.dylib
0x0000000027e7a000 	/usr/lib/system/libdyld.dylib
0x0000000027e7a000 	/usr/lib/system/libkeymgr.dylib
0x0000000027e7a000 	/usr/lib/system/liblaunch.dylib
0x0000000027e7a000 	/usr/lib/system/libmacho.dylib
0x0000000027e7a000 	/usr/lib/system/libquarantine.dylib
0x0000000027e7a000 	/usr/lib/system/libremovefile.dylib
0x0000000027e7a000 	/usr/lib/system/libsystem_asl.dylib
0x0000000027e7a000 	/usr/lib/system/libsystem_blocks.dylib
0x0000000027e7a000 	/usr/lib/system/libsystem_c.dylib
0x0000000027e7a000 	/usr/lib/system/libsystem_configuration.dylib
0x0000000027e7a000 	/usr/lib/system/libsystem_coreservices.dylib
0x0000000027e7a000 	/usr/lib/system/libsystem_darwin.dylib
0x0000000027e7a000 	/usr/lib/system/libsystem_dnssd.dylib
0x0000000027e7a000 	/usr/lib/system/libsystem_info.dylib
0x0000000027e7a000 	/usr/lib/system/libsystem_m.dylib
0x0000000027e7a000 	/usr/lib/system/libsystem_malloc.dylib
0x0000000027e7a000 	/usr/lib/system/libsystem_networkextension.dylib
0x0000000027e7a000 	/usr/lib/system/libsystem_notify.dylib
0x0000000027e7a000 	/usr/lib/system/libsystem_sandbox.dylib
0x0000000027e7a000 	/usr/lib/system/libsystem_secinit.dylib
0x0000000027e7a000 	/usr/lib/system/libsystem_kernel.dylib
0x0000000027e7a000 	/usr/lib/system/libsystem_platform.dylib
0x0000000027e7a000 	/usr/lib/system/libsystem_pthread.dylib
0x0000000027e7a000 	/usr/lib/system/libsystem_symptoms.dylib
0x0000000027e7a000 	/usr/lib/system/libsystem_trace.dylib
0x0000000027e7a000 	/usr/lib/system/libunwind.dylib
0x0000000027e7a000 	/usr/lib/system/libxpc.dylib
0x0000000027e7a000 	/usr/lib/libbsm.0.dylib
0x0000000027e7a000 	/usr/lib/system/libkxld.dylib
0x0000000027e7a000 	/System/Library/PrivateFrameworks/AppleFSCompression.framework/Versions/A/AppleFSCompression
0x0000000027e7a000 	/usr/lib/libOpenScriptingUtil.dylib
0x0000000027e7a000 	/usr/lib/libcoretls.dylib
0x0000000027e7a000 	/usr/lib/libcoretls_cfhelpers.dylib
0x0000000027e7a000 	/usr/lib/libpam.2.dylib
0x0000000027e7a000 	/usr/lib/libsqlite3.dylib
0x0000000027e7a000 	/usr/lib/libxar.1.dylib
0x0000000027e7a000 	/usr/lib/libbz2.1.0.dylib
0x0000000027e7a000 	/usr/lib/liblzma.5.dylib
0x0000000027e7a000 	/usr/lib/libnetwork.dylib
0x0000000027e7a000 	/usr/lib/libapple_nghttp2.dylib
0x0000000027e7a000 	/usr/lib/libpcap.A.dylib
0x0000000027e7a000 	/System/Library/Frameworks/CoreServices.framework/Versions/A/Frameworks/FSEvents.framework/Versions/A/FSEvents
0x0000000027e7a000 	/System/Library/Frameworks/CoreServices.framework/Versions/A/Frameworks/CarbonCore.framework/Versions/A/CarbonCore
0x0000000027e7a000 	/System/Library/Frameworks/CoreServices.framework/Versions/A/Frameworks/Metadata.framework/Versions/A/Metadata
0x0000000027e7a000 	/System/Library/Frameworks/CoreServices.framework/Versions/A/Frameworks/OSServices.framework/Versions/A/OSServices
0x0000000027e7a000 	/System/Library/Frameworks/CoreServices.framework/Versions/A/Frameworks/SearchKit.framework/Versions/A/SearchKit
0x0000000027e7a000 	/System/Library/Frameworks/CoreServices.framework/Versions/A/Frameworks/AE.framework/Versions/A/AE
0x0000000027e7a000 	/System/Library/Frameworks/CoreServices.framework/Versions/A/Frameworks/LaunchServices.framework/Versions/A/LaunchServices
0x0000000027e7a000 	/System/Library/Frameworks/CoreServices.framework/Versions/A/Frameworks/DictionaryServices.framework/Versions/A/DictionaryServices
0x0000000027e7a000 	/System/Library/Frameworks/CoreServices.framework/Versions/A/Frameworks/SharedFileList.framework/Versions/A/SharedFileList
0x0000000027e7a000 	/System/Library/Frameworks/NetFS.framework/Versions/A/NetFS
0x0000000027e7a000 	/System/Library/PrivateFrameworks/NetAuth.framework/Versions/A/NetAuth
0x0000000027e7a000 	/System/Library/PrivateFrameworks/login.framework/Versions/A/Frameworks/loginsupport.framework/Versions/A/loginsupport
0x0000000027e7a000 	/System/Library/PrivateFrameworks/TCC.framework/Versions/A/TCC
0x0000000027e7a000 	/System/Library/PrivateFrameworks/CoreNLP.framework/Versions/A/CoreNLP
0x0000000027e7a000 	/System/Library/PrivateFrameworks/MetadataUtilities.framework/Versions/A/MetadataUtilities
0x0000000027e7a000 	/usr/lib/libmecabra.dylib
0x0000000027e7a000 	/System/Library/Frameworks/ApplicationServices.framework/Versions/A/Frameworks/ATS.framework/Versions/A/ATS
0x0000000027e7a000 	/System/Library/Frameworks/ApplicationServices.framework/Versions/A/Frameworks/ColorSyncLegacy.framework/Versions/A/ColorSyncLegacy
0x0000000027e7a000 	/System/Library/Frameworks/ApplicationServices.framework/Versions/A/Frameworks/HIServices.framework/Versions/A/HIServices
0x0000000027e7a000 	/System/Library/Frameworks/ApplicationServices.framework/Versions/A/Frameworks/LangAnalysis.framework/Versions/A/LangAnalysis
0x0000000027e7a000 	/System/Library/Frameworks/ApplicationServices.framework/Versions/A/Frameworks/PrintCore.framework/Versions/A/PrintCore
0x0000000027e7a000 	/System/Library/Frameworks/ApplicationServices.framework/Versions/A/Frameworks/QD.framework/Versions/A/QD
0x0000000027e7a000 	/System/Library/Frameworks/ApplicationServices.framework/Versions/A/Frameworks/SpeechSynthesis.framework/Versions/A/SpeechSynthesis
0x0000000027e7a000 	/usr/lib/libcompression.dylib
0x0000000027e7a000 	/System/Library/Frameworks/CoreDisplay.framework/Versions/A/CoreDisplay
0x0000000027e7a000 	/System/Library/Frameworks/MetalPerformanceShaders.framework/Versions/A/MetalPerformanceShaders
0x0000000027e7a000 	/System/Library/Frameworks/Accelerate.framework/Versions/A/Frameworks/vImage.framework/Versions/A/vImage
0x0000000027e7a000 	/System/Library/Frameworks/Accelerate.framework/Versions/A/Frameworks/vecLib.framework/Versions/A/vecLib
0x0000000027e7a000 	/System/Library/Frameworks/Accelerate.framework/Versions/A/Frameworks/vecLib.framework/Versions/A/libvMisc.dylib
0x0000000027e7a000 	/System/Library/Frameworks/Accelerate.framework/Versions/A/Frameworks/vecLib.framework/Versions/A/libvDSP.dylib
0x0000000027e7a000 	/System/Library/Frameworks/Accelerate.framework/Versions/A/Frameworks/vecLib.framework/Versions/A/libBLAS.dylib
0x0000000027e7a000 	/System/Library/Frameworks/Accelerate.framework/Versions/A/Frameworks/vecLib.framework/Versions/A/libLAPACK.dylib
0x0000000027e7a000 	/System/Library/Frameworks/Accelerate.framework/Versions/A/Frameworks/vecLib.framework/Versions/A/libLinearAlgebra.dylib
0x0000000027e7a000 	/System/Library/Frameworks/Accelerate.framework/Versions/A/Frameworks/vecLib.framework/Versions/A/libSparseBLAS.dylib
0x0000000027e7a000 	/System/Library/Frameworks/Accelerate.framework/Versions/A/Frameworks/vecLib.framework/Versions/A/libQuadrature.dylib
0x0000000027e7a000 	/System/Library/Frameworks/Accelerate.framework/Versions/A/Frameworks/vecLib.framework/Versions/A/libBNNS.dylib
0x0000000027e7a000 	/System/Library/Frameworks/Accelerate.framework/Versions/A/Frameworks/vecLib.framework/Versions/A/libSparse.dylib
0x0000000027e7a000 	/System/Library/PrivateFrameworks/GPUWrangler.framework/Versions/A/GPUWrangler
0x0000000027e7a000 	/System/Library/PrivateFrameworks/IOAccelerator.framework/Versions/A/IOAccelerator
0x0000000027e7a000 	/System/Library/PrivateFrameworks/IOPresentment.framework/Versions/A/IOPresentment
0x0000000027e7a000 	/System/Library/PrivateFrameworks/DSExternalDisplay.framework/Versions/A/DSExternalDisplay
0x0000000027e7a000 	/System/Library/Frameworks/OpenGL.framework/Versions/A/Libraries/libCoreFSCache.dylib
0x0000000027e7a000 	/System/Library/Frameworks/MetalPerformanceShaders.framework/Frameworks/MPSCore.framework/Versions/A/MPSCore
0x0000000027e7a000 	/System/Library/Frameworks/MetalPerformanceShaders.framework/Frameworks/MPSImage.framework/Versions/A/MPSImage
0x0000000027e7a000 	/System/Library/Frameworks/MetalPerformanceShaders.framework/Frameworks/MPSNeuralNetwork.framework/Versions/A/MPSNeuralNetwork
0x0000000027e7a000 	/System/Library/Frameworks/MetalPerformanceShaders.framework/Frameworks/MPSMatrix.framework/Versions/A/MPSMatrix
0x0000000027e7a000 	/System/Library/Frameworks/MetalPerformanceShaders.framework/Frameworks/MPSRayIntersector.framework/Versions/A/MPSRayIntersector
0x0000000027e7a000 	/System/Library/PrivateFrameworks/MetalTools.framework/Versions/A/MetalTools
0x0000000027e7a000 	/System/Library/PrivateFrameworks/AggregateDictionary.framework/Versions/A/AggregateDictionary
0x0000000027e7a000 	/usr/lib/libMobileGestalt.dylib
0x0000000027e7a000 	/System/Library/Frameworks/CoreVideo.framework/Versions/A/CoreVideo
0x0000000027e7a000 	/System/Library/PrivateFrameworks/GraphVisualizer.framework/Versions/A/GraphVisualizer
0x0000000027e7a000 	/System/Library/PrivateFrameworks/FaceCore.framework/Versions/A/FaceCore
0x0000000027e7a000 	/System/Library/Frameworks/OpenCL.framework/Versions/A/OpenCL
0x0000000027e7a000 	/usr/lib/libFosl_dynamic.dylib
0x0000000027e7a000 	/System/Library/PrivateFrameworks/OTSVG.framework/Versions/A/OTSVG
0x0000000027e7a000 	/System/Library/Frameworks/ApplicationServices.framework/Versions/A/Frameworks/ATS.framework/Versions/A/Resources/libFontParser.dylib
0x0000000027e7a000 	/System/Library/Frameworks/ApplicationServices.framework/Versions/A/Frameworks/ATS.framework/Versions/A/Resources/libFontRegistry.dylib
0x0000000027e7a000 	/System/Library/Frameworks/ImageIO.framework/Versions/A/Resources/libJPEG.dylib
0x0000000027e7a000 	/System/Library/Frameworks/ImageIO.framework/Versions/A/Resources/libTIFF.dylib
0x0000000027e7a000 	/System/Library/Frameworks/ImageIO.framework/Versions/A/Resources/libPng.dylib
0x0000000027e7a000 	/System/Library/Frameworks/ImageIO.framework/Versions/A/Resources/libGIF.dylib
0x0000000027e7a000 	/System/Library/Frameworks/ImageIO.framework/Versions/A/Resources/libJP2.dylib
0x0000000027e7a000 	/System/Library/Frameworks/ImageIO.framework/Versions/A/Resources/libRadiance.dylib
0x0000000027e7a000 	/System/Library/PrivateFrameworks/AppleJPEG.framework/Versions/A/AppleJPEG
0x0000000027e7a000 	/System/Library/Frameworks/OpenGL.framework/Versions/A/Libraries/libGFXShared.dylib
0x0000000027e7a000 	/System/Library/Frameworks/OpenGL.framework/Versions/A/Libraries/libGLU.dylib
0x0000000027e7a000 	/System/Library/Frameworks/OpenGL.framework/Versions/A/Libraries/libGL.dylib
0x0000000027e7a000 	/System/Library/Frameworks/OpenGL.framework/Versions/A/Libraries/libGLImage.dylib
0x0000000027e7a000 	/System/Library/Frameworks/OpenGL.framework/Versions/A/Libraries/libCVMSPluginSupport.dylib
0x0000000027e7a000 	/System/Library/Frameworks/OpenGL.framework/Versions/A/Libraries/libCoreVMClient.dylib
0x0000000027e7a000 	/usr/lib/libcups.2.dylib
0x0000000027e7a000 	/System/Library/Frameworks/Kerberos.framework/Versions/A/Kerberos
0x0000000027e7a000 	/System/Library/Frameworks/GSS.framework/Versions/A/GSS
0x0000000027e7a000 	/usr/lib/libresolv.9.dylib
0x0000000027e7a000 	/usr/lib/libiconv.2.dylib
0x0000000027e7a000 	/System/Library/PrivateFrameworks/Heimdal.framework/Versions/A/Heimdal
0x0000000027e7a000 	/usr/lib/libheimdal-asn1.dylib
0x0000000027e7a000 	/System/Library/Frameworks/OpenDirectory.framework/Versions/A/OpenDirectory
0x0000000027e7a000 	/System/Library/PrivateFrameworks/CommonAuth.framework/Versions/A/CommonAuth
0x0000000027e7a000 	/System/Library/Frameworks/OpenDirectory.framework/Versions/A/Frameworks/CFOpenDirectory.framework/Versions/A/CFOpenDirectory
0x0000000027e7a000 	/System/Library/Frameworks/SecurityFoundation.framework/Versions/A/SecurityFoundation
0x0000000027e7a000 	/System/Library/PrivateFrameworks/APFS.framework/Versions/A/APFS
0x0000000027e7a000 	/usr/lib/libutil.dylib
0x0000000027e7a000 	/usr/lib/libcharset.1.dylib
0x0000000027e7a000 	/System/Library/PrivateFrameworks/AppleSauce.framework/Versions/A/AppleSauce
0x0000000027e7a000 	/System/Library/PrivateFrameworks/AssertionServices.framework/Versions/A/AssertionServices
0x0000000027e7a000 	/System/Library/PrivateFrameworks/BaseBoard.framework/Versions/A/BaseBoard
0x0000000027e7a000 	/usr/lib/libmecab.1.0.0.dylib
0x0000000027e7a000 	/usr/lib/libgermantok.dylib
0x0000000027e7a000 	/usr/lib/libThaiTokenizer.dylib
0x0000000027e7a000 	/usr/lib/libChineseTokenizer.dylib
0x0000000027e7a000 	/System/Library/PrivateFrameworks/LanguageModeling.framework/Versions/A/LanguageModeling
0x0000000027e7a000 	/System/Library/PrivateFrameworks/CoreEmoji.framework/Versions/A/CoreEmoji
0x0000000027e7a000 	/System/Library/PrivateFrameworks/Lexicon.framework/Versions/A/Lexicon
0x0000000027e7a000 	/System/Library/PrivateFrameworks/LinguisticData.framework/Versions/A/LinguisticData
0x0000000027e7a000 	/usr/lib/libcmph.dylib
0x0000000027e7a000 	/System/Library/Frameworks/ServiceManagement.framework/Versions/A/ServiceManagement
0x0000000027e7a000 	/System/Library/PrivateFrameworks/BackgroundTaskManagement.framework/Versions/A/BackgroundTaskManagement
0x0000000027e7a000 	/usr/lib/libxslt.1.dylib
0x0000000027e7a000 	/System/Library/Frameworks/Carbon.framework/Versions/A/Frameworks/Ink.framework/Versions/A/Ink
0x0000000027e7a000 	/System/Library/PrivateFrameworks/TextureIO.framework/Versions/A/TextureIO
0x0000000027e7a000 	/usr/lib/libate.dylib
0x0000000027e7a000 	/System/Library/PrivateFrameworks/CrashReporterSupport.framework/Versions/A/CrashReporterSupport
0x0000000027e7a000 	/System/Library/PrivateFrameworks/Sharing.framework/Versions/A/Sharing
0x0000000027e7a000 	/System/Library/PrivateFrameworks/AuthKit.framework/Versions/A/AuthKit
0x0000000027e7a000 	/System/Library/PrivateFrameworks/Apple80211.framework/Versions/A/Apple80211
0x0000000027e7a000 	/System/Library/PrivateFrameworks/CoreUtils.framework/Versions/A/CoreUtils
0x0000000027e7a000 	/System/Library/Frameworks/CoreWLAN.framework/Versions/A/CoreWLAN
0x0000000027e7a000 	/System/Library/Frameworks/IOBluetooth.framework/Versions/A/IOBluetooth
0x0000000027e7a000 	/System/Library/PrivateFrameworks/ProtocolBuffer.framework/Versions/A/ProtocolBuffer
0x0000000027e7a000 	/System/Library/PrivateFrameworks/MobileKeyBag.framework/Versions/A/MobileKeyBag
0x0000000027e7a000 	/System/Library/PrivateFrameworks/CorePhoneNumbers.framework/Versions/A/CorePhoneNumbers
0x0000000027e7a000 	/System/Library/PrivateFrameworks/AppleIDAuthSupport.framework/Versions/A/AppleIDAuthSupport
0x0000000027e7a000 	/System/Library/PrivateFrameworks/KeychainCircle.framework/Versions/A/KeychainCircle
0x0000000027e7a000 	/System/Library/PrivateFrameworks/ROCKit.framework/Versions/A/ROCKit
0x0000000027e7a000 	/System/Library/PrivateFrameworks/CoreWiFi.framework/Versions/A/CoreWiFi
0x0000000027e7a000 	/System/Library/Frameworks/CoreBluetooth.framework/Versions/A/CoreBluetooth
0x0000000027e7a000 	/System/Library/PrivateFrameworks/DebugSymbols.framework/Versions/A/DebugSymbols
0x0000000027e7a000 	/System/Library/PrivateFrameworks/CoreSymbolication.framework/Versions/A/CoreSymbolication
0x0000000027e7a000 	/System/Library/PrivateFrameworks/Symbolication.framework/Versions/A/Symbolication
0x0000000027e7a000 	/System/Library/PrivateFrameworks/SpeechRecognitionCore.framework/Versions/A/SpeechRecognitionCore
0x000000010aa00000 	/Users/bramseyer/.sdkman/candidates/java/7.0.181-zulu/jre/lib/server/libjvm.dylib
0x0000000027e7a000 	/usr/lib/libstdc++.6.dylib
0x000000010a1a9000 	/Users/bramseyer/.sdkman/candidates/java/7.0.181-zulu/jre/lib/libverify.dylib
0x000000010a1b6000 	/Users/bramseyer/.sdkman/candidates/java/7.0.181-zulu/jre/lib/libjava.dylib
0x000000010a1f1000 	/Users/bramseyer/.sdkman/candidates/java/7.0.181-zulu/jre/lib/libzip.dylib
0x0000000027e7a000 	/System/Library/Frameworks/JavaVM.framework/Versions/A/Frameworks/JavaRuntimeSupport.framework/Versions/A/JavaRuntimeSupport
0x0000000027e7a000 	/System/Library/Frameworks/JavaVM.framework/Versions/A/Frameworks/JavaNativeFoundation.framework/Versions/A/JavaNativeFoundation
0x0000000027e7a000 	/System/Library/Frameworks/JavaVM.framework/Versions/A/JavaVM
0x0000000027e7a000 	/System/Library/Frameworks/Carbon.framework/Versions/A/Carbon
0x0000000027e7a000 	/System/Library/PrivateFrameworks/JavaLaunching.framework/Versions/A/JavaLaunching
0x0000000027e7a000 	/System/Library/Frameworks/Carbon.framework/Versions/A/Frameworks/CommonPanels.framework/Versions/A/CommonPanels
0x0000000027e7a000 	/System/Library/Frameworks/Carbon.framework/Versions/A/Frameworks/Help.framework/Versions/A/Help
0x0000000027e7a000 	/System/Library/Frameworks/Carbon.framework/Versions/A/Frameworks/ImageCapture.framework/Versions/A/ImageCapture
0x0000000027e7a000 	/System/Library/Frameworks/Carbon.framework/Versions/A/Frameworks/OpenScripting.framework/Versions/A/OpenScripting
0x0000000027e7a000 	/System/Library/Frameworks/Carbon.framework/Versions/A/Frameworks/Print.framework/Versions/A/Print
0x0000000027e7a000 	/System/Library/Frameworks/Carbon.framework/Versions/A/Frameworks/SecurityHI.framework/Versions/A/SecurityHI
0x000000011417b000 	/Users/bramseyer/.sdkman/candidates/java/7.0.181-zulu/jre/lib/libnio.dylib
0x000000011418a000 	/Users/bramseyer/.sdkman/candidates/java/7.0.181-zulu/jre/lib/./libnet.dylib
0x000000011459b000 	/Users/bramseyer/.gradle/native/24/osx-amd64/libnative-platform.dylib
0x00000001140f1000 	/Users/bramseyer/.sdkman/candidates/java/7.0.181-zulu/jre/lib/libmanagement.dylib

VM Arguments:
jvm_args: -XX:MaxPermSize=256m -XX:+HeapDumpOnOutOfMemoryError -Xmx1024m -Dfile.encoding=US-ASCII -Duser.country=ES -Duser.language=es -Duser.variant 
java_command: org.gradle.launcher.daemon.bootstrap.GradleDaemon 3.4.1
Launcher Type: SUN_STANDARD

Environment Variables:
JAVA_HOME=/Users/bramseyer/.sdkman/candidates/java/current
PATH=/usr/local/opt/gettext/bin:/Users/bramseyer/.nvm/versions/node/v8.9.1/bin:/usr/local/bin:/usr/bin:/bin:/usr/sbin:/sbin:/usr/local/opt/gettext/bin:/Users/bramseyer/.nvm/versions/node/v8.9.1/bin:/Users/bramseyer/.sdkman/candidates/java/current/bin:/Users/bramseyer/.sdkman/candidates/grails/3.2.8/bin:/Users/bramseyer/go/bin:/usr/local/Cellar/go/1.11.5/libexec/bin:/Users/bramseyer/go/bin:/usr/local/Cellar/go/1.11.5/libexec/bin
SHELL=/bin/bash

Signal Handlers:
SIGSEGV: [libjvm.dylib+0x4fc1c5], sa_mask[0]=0xfffefeff, sa_flags=0x00000043
SIGBUS: [libjvm.dylib+0x4fc1c5], sa_mask[0]=0xfffefeff, sa_flags=0x00000042
SIGFPE: [libjvm.dylib+0x3fd9ed], sa_mask[0]=0xfffefeff, sa_flags=0x00000042
SIGPIPE: [libjvm.dylib+0x3fd9ed], sa_mask[0]=0xfffefeff, sa_flags=0x00000042
SIGXFSZ: [libjvm.dylib+0x3fd9ed], sa_mask[0]=0xfffefeff, sa_flags=0x00000042
SIGILL: [libjvm.dylib+0x3fd9ed], sa_mask[0]=0xfffefeff, sa_flags=0x00000042
SIGUSR1: SIG_DFL, sa_mask[0]=0x63807efb, sa_flags=0x00000000
SIGUSR2: [libjvm.dylib+0x400585], sa_mask[0]=0x00000004, sa_flags=0x00000042
SIGHUP: [libjvm.dylib+0x40073f], sa_mask[0]=0xfffefeff, sa_flags=0x00000042
SIGINT: [libjvm.dylib+0x40073f], sa_mask[0]=0xfffefeff, sa_flags=0x00000042
SIGTERM: [libjvm.dylib+0x40073f], sa_mask[0]=0xfffefeff, sa_flags=0x00000042
SIGQUIT: [libjvm.dylib+0x40073f], sa_mask[0]=0xfffefeff, sa_flags=0x00000042


---------------  S Y S T E M  ---------------

OS:Bsduname:Darwin 18.5.0 Darwin Kernel Version 18.5.0: Mon Mar 11 20:40:32 PDT 2019; root:xnu-4903.251.3~3/RELEASE_X86_64 x86_64
rlimit: STACK 8192k, CORE 0k, NPROC 1418, NOFILE 10240, AS infinity
load average:3.01 3.21 3.07

CPU:total 4 (initial active 4) (2 cores per cpu, 2 threads per core) family 6 model 142 stepping 9, cmov, cx8, fxsr, mmx, sse, sse2, sse3, ssse3, sse4.1, sse4.2, popcnt, avx, avx2, aes, erms, ht, tsc, tscinvbit

Memory: 4k page, physical 16777216k(4194304k free)

/proc/meminfo:


vm_info: OpenJDK 64-Bit Server VM (24.181-b01) for bsd-amd64 JRE (1.7.0_181-b01), built on Apr  4 2018 12:43:56 by "zulu_re" with gcc 4.2.1 (Apple Inc. build 5666) (dot 3)

time: Fri May 10 19:44:36 2019
elapsed time: 209 seconds

